CRITICAL - 2023-07-11 03:14:41 --> Class "CodeIgniter\Database\Posgrest\Connection" not found
in SYSTEMPATH\Database\Database.php on line 137.
 1 SYSTEMPATH\Database\Database.php(55): CodeIgniter\Database\Database->initDriver('Posgrest', 'Connection', [...])
 2 SYSTEMPATH\Database\Config.php(82): CodeIgniter\Database\Database->load([...], 'default')
 3 APPPATH\Controllers\Home.php(38): CodeIgniter\Database\Config::connect()
 4 SYSTEMPATH\CodeIgniter.php(932): App\Controllers\Home->Prueba2()
 5 SYSTEMPATH\CodeIgniter.php(497): CodeIgniter\CodeIgniter->runController(Object(App\Controllers\Home))
 6 SYSTEMPATH\CodeIgniter.php(366): CodeIgniter\CodeIgniter->handleRequest(null, Object(Config\Cache), false)
 7 FCPATH\index.php(67): CodeIgniter\CodeIgniter->run()
CRITICAL - 2023-07-11 03:20:43 --> Class "CodeIgniter\Database\postgres\Connection" not found
in SYSTEMPATH\Database\Database.php on line 137.
 1 SYSTEMPATH\Database\Database.php(55): CodeIgniter\Database\Database->initDriver('postgres', 'Connection', [...])
 2 SYSTEMPATH\Database\Config.php(82): CodeIgniter\Database\Database->load([...], 'default')
 3 APPPATH\Controllers\Home.php(38): CodeIgniter\Database\Config::connect()
 4 SYSTEMPATH\CodeIgniter.php(932): App\Controllers\Home->Prueba2()
 5 SYSTEMPATH\CodeIgniter.php(497): CodeIgniter\CodeIgniter->runController(Object(App\Controllers\Home))
 6 SYSTEMPATH\CodeIgniter.php(366): CodeIgniter\CodeIgniter->handleRequest(null, Object(Config\Cache), false)
 7 FCPATH\index.php(67): CodeIgniter\CodeIgniter->run()
CRITICAL - 2023-07-11 03:35:46 --> Class "CodeIgniter\Database\postgres\Connection" not found
in SYSTEMPATH\Database\Database.php on line 137.
 1 SYSTEMPATH\Database\Database.php(55): CodeIgniter\Database\Database->initDriver('postgres', 'Connection', [...])
 2 SYSTEMPATH\Database\Config.php(82): CodeIgniter\Database\Database->load([...], 'default')
 3 APPPATH\Controllers\Home.php(38): CodeIgniter\Database\Config::connect()
 4 SYSTEMPATH\CodeIgniter.php(932): App\Controllers\Home->Prueba2()
 5 SYSTEMPATH\CodeIgniter.php(497): CodeIgniter\CodeIgniter->runController(Object(App\Controllers\Home))
 6 SYSTEMPATH\CodeIgniter.php(366): CodeIgniter\CodeIgniter->handleRequest(null, Object(Config\Cache), false)
 7 FCPATH\index.php(67): CodeIgniter\CodeIgniter->run()
CRITICAL - 2023-07-11 03:37:05 --> Class "CodeIgniter\Database\postgres\Connection" not found
in SYSTEMPATH\Database\Database.php on line 137.
 1 SYSTEMPATH\Database\Database.php(55): CodeIgniter\Database\Database->initDriver('postgres', 'Connection', [...])
 2 SYSTEMPATH\Database\Config.php(82): CodeIgniter\Database\Database->load([...], 'default')
 3 APPPATH\Controllers\Home.php(38): CodeIgniter\Database\Config::connect()
 4 SYSTEMPATH\CodeIgniter.php(932): App\Controllers\Home->Prueba2()
 5 SYSTEMPATH\CodeIgniter.php(497): CodeIgniter\CodeIgniter->runController(Object(App\Controllers\Home))
 6 SYSTEMPATH\CodeIgniter.php(366): CodeIgniter\CodeIgniter->handleRequest(null, Object(Config\Cache), false)
 7 FCPATH\index.php(67): CodeIgniter\CodeIgniter->run()
CRITICAL - 2023-07-11 03:39:29 --> Class "CodeIgniter\Database\postgres\Connection" not found
in SYSTEMPATH\Database\Database.php on line 137.
 1 SYSTEMPATH\Database\Database.php(55): CodeIgniter\Database\Database->initDriver('postgres', 'Connection', [...])
 2 SYSTEMPATH\Database\Config.php(82): CodeIgniter\Database\Database->load([...], 'default')
 3 APPPATH\Controllers\Home.php(38): CodeIgniter\Database\Config::connect()
 4 SYSTEMPATH\CodeIgniter.php(932): App\Controllers\Home->Prueba2()
 5 SYSTEMPATH\CodeIgniter.php(497): CodeIgniter\CodeIgniter->runController(Object(App\Controllers\Home))
 6 SYSTEMPATH\CodeIgniter.php(366): CodeIgniter\CodeIgniter->handleRequest(null, Object(Config\Cache), false)
 7 FCPATH\index.php(67): CodeIgniter\CodeIgniter->run()
WARNING - 2023-07-11 03:40:34 --> [DEPRECATED] Creation of dynamic property App\Controllers\Home::$db is deprecated in APPPATH\Controllers\Home.php on line 38.
 1 SYSTEMPATH\CodeIgniter.php(932): App\Controllers\Home->Prueba2()
 2 SYSTEMPATH\CodeIgniter.php(497): CodeIgniter\CodeIgniter->runController(Object(App\Controllers\Home))
 3 SYSTEMPATH\CodeIgniter.php(366): CodeIgniter\CodeIgniter->handleRequest(null, Object(Config\Cache), false)
 4 FCPATH\index.php(67): CodeIgniter\CodeIgniter->run()
WARNING - 2023-07-11 03:42:43 --> [DEPRECATED] Creation of dynamic property App\Controllers\Home::$db is deprecated in APPPATH\Controllers\Home.php on line 38.
 1 SYSTEMPATH\CodeIgniter.php(932): App\Controllers\Home->Prueba2()
 2 SYSTEMPATH\CodeIgniter.php(497): CodeIgniter\CodeIgniter->runController(Object(App\Controllers\Home))
 3 SYSTEMPATH\CodeIgniter.php(366): CodeIgniter\CodeIgniter->handleRequest(null, Object(Config\Cache), false)
 4 FCPATH\index.php(67): CodeIgniter\CodeIgniter->run()
CRITICAL - 2023-07-11 04:12:19 --> syntax error, unexpected variable "$result"
in APPPATH\Controllers\Home.php on line 42.
 1 SYSTEMPATH\Autoloader\Autoloader.php(289): CodeIgniter\Autoloader\Autoloader->includeFile('C:\\xampp\\htdocs\\ci4\\app\\Controllers\\Home.php')
 2 SYSTEMPATH\Autoloader\Autoloader.php(267): CodeIgniter\Autoloader\Autoloader->loadInNamespace('App\\Controllers\\Home')
 3 [internal function]: CodeIgniter\Autoloader\Autoloader->loadClass('App\\Controllers\\Home')
 4 SYSTEMPATH\CodeIgniter.php(890): class_exists('\\App\\Controllers\\Home', true)
 5 SYSTEMPATH\CodeIgniter.php(484): CodeIgniter\CodeIgniter->startController()
 6 SYSTEMPATH\CodeIgniter.php(366): CodeIgniter\CodeIgniter->handleRequest(null, Object(Config\Cache), false)
 7 FCPATH\index.php(67): CodeIgniter\CodeIgniter->run()
CRITICAL - 2023-07-11 04:12:39 --> syntax error, unexpected variable "$result"
in APPPATH\Controllers\Home.php on line 42.
 1 SYSTEMPATH\Autoloader\Autoloader.php(289): CodeIgniter\Autoloader\Autoloader->includeFile('C:\\xampp\\htdocs\\ci4\\app\\Controllers\\Home.php')
 2 SYSTEMPATH\Autoloader\Autoloader.php(267): CodeIgniter\Autoloader\Autoloader->loadInNamespace('App\\Controllers\\Home')
 3 [internal function]: CodeIgniter\Autoloader\Autoloader->loadClass('App\\Controllers\\Home')
 4 SYSTEMPATH\CodeIgniter.php(890): class_exists('\\App\\Controllers\\Home', true)
 5 SYSTEMPATH\CodeIgniter.php(484): CodeIgniter\CodeIgniter->startController()
 6 SYSTEMPATH\CodeIgniter.php(366): CodeIgniter\CodeIgniter->handleRequest(null, Object(Config\Cache), false)
 7 FCPATH\index.php(67): CodeIgniter\CodeIgniter->run()
CRITICAL - 2023-07-11 04:14:05 --> syntax error, unexpected variable "$result"
in APPPATH\Controllers\Home.php on line 41.
 1 SYSTEMPATH\Autoloader\Autoloader.php(289): CodeIgniter\Autoloader\Autoloader->includeFile('C:\\xampp\\htdocs\\ci4\\app\\Controllers\\Home.php')
 2 SYSTEMPATH\Autoloader\Autoloader.php(267): CodeIgniter\Autoloader\Autoloader->loadInNamespace('App\\Controllers\\Home')
 3 [internal function]: CodeIgniter\Autoloader\Autoloader->loadClass('App\\Controllers\\Home')
 4 SYSTEMPATH\CodeIgniter.php(890): class_exists('\\App\\Controllers\\Home', true)
 5 SYSTEMPATH\CodeIgniter.php(484): CodeIgniter\CodeIgniter->startController()
 6 SYSTEMPATH\CodeIgniter.php(366): CodeIgniter\CodeIgniter->handleRequest(null, Object(Config\Cache), false)
 7 FCPATH\index.php(67): CodeIgniter\CodeIgniter->run()
CRITICAL - 2023-07-11 04:17:10 --> syntax error, unexpected variable "$result"
in APPPATH\Controllers\Home.php on line 41.
 1 SYSTEMPATH\Autoloader\Autoloader.php(289): CodeIgniter\Autoloader\Autoloader->includeFile('C:\\xampp\\htdocs\\ci4\\app\\Controllers\\Home.php')
 2 SYSTEMPATH\Autoloader\Autoloader.php(267): CodeIgniter\Autoloader\Autoloader->loadInNamespace('App\\Controllers\\Home')
 3 [internal function]: CodeIgniter\Autoloader\Autoloader->loadClass('App\\Controllers\\Home')
 4 SYSTEMPATH\CodeIgniter.php(890): class_exists('\\App\\Controllers\\Home', true)
 5 SYSTEMPATH\CodeIgniter.php(484): CodeIgniter\CodeIgniter->startController()
 6 SYSTEMPATH\CodeIgniter.php(366): CodeIgniter\CodeIgniter->handleRequest(null, Object(Config\Cache), false)
 7 FCPATH\index.php(67): CodeIgniter\CodeIgniter->run()
CRITICAL - 2023-07-11 04:17:26 --> syntax error, unexpected variable "$result"
in APPPATH\Controllers\Home.php on line 41.
 1 SYSTEMPATH\Autoloader\Autoloader.php(289): CodeIgniter\Autoloader\Autoloader->includeFile('C:\\xampp\\htdocs\\ci4\\app\\Controllers\\Home.php')
 2 SYSTEMPATH\Autoloader\Autoloader.php(267): CodeIgniter\Autoloader\Autoloader->loadInNamespace('App\\Controllers\\Home')
 3 [internal function]: CodeIgniter\Autoloader\Autoloader->loadClass('App\\Controllers\\Home')
 4 SYSTEMPATH\CodeIgniter.php(890): class_exists('\\App\\Controllers\\Home', true)
 5 SYSTEMPATH\CodeIgniter.php(484): CodeIgniter\CodeIgniter->startController()
 6 SYSTEMPATH\CodeIgniter.php(366): CodeIgniter\CodeIgniter->handleRequest(null, Object(Config\Cache), false)
 7 FCPATH\index.php(67): CodeIgniter\CodeIgniter->run()
WARNING - 2023-07-11 04:17:47 --> [DEPRECATED] Creation of dynamic property App\Controllers\Home::$db is deprecated in APPPATH\Controllers\Home.php on line 38.
 1 SYSTEMPATH\CodeIgniter.php(932): App\Controllers\Home->Prueba2()
 2 SYSTEMPATH\CodeIgniter.php(497): CodeIgniter\CodeIgniter->runController(Object(App\Controllers\Home))
 3 SYSTEMPATH\CodeIgniter.php(366): CodeIgniter\CodeIgniter->handleRequest(null, Object(Config\Cache), false)
 4 FCPATH\index.php(67): CodeIgniter\CodeIgniter->run()
ERROR - 2023-07-11 04:17:51 --> Error connecting to the database: mysqli_sql_exception: No se puede establecer una conexión ya que el equipo de destino denegó expresamente dicha conexión in C:\xampp\htdocs\ci4\system\Database\MySQLi\Connection.php:173
Stack trace:
#0 C:\xampp\htdocs\ci4\system\Database\MySQLi\Connection.php(173): mysqli->real_connect('localhost', '', Object(SensitiveParameterValue), '', 5432, '', 0)
#1 C:\xampp\htdocs\ci4\system\Database\BaseConnection.php(391): CodeIgniter\Database\MySQLi\Connection->connect(false)
#2 C:\xampp\htdocs\ci4\system\Database\BaseConnection.php(574): CodeIgniter\Database\BaseConnection->initialize()
#3 C:\xampp\htdocs\ci4\app\Controllers\Home.php(40): CodeIgniter\Database\BaseConnection->query('SELECT nombre, ...')
#4 C:\xampp\htdocs\ci4\system\CodeIgniter.php(932): App\Controllers\Home->Prueba2()
#5 C:\xampp\htdocs\ci4\system\CodeIgniter.php(497): CodeIgniter\CodeIgniter->runController(Object(App\Controllers\Home))
#6 C:\xampp\htdocs\ci4\system\CodeIgniter.php(366): CodeIgniter\CodeIgniter->handleRequest(NULL, Object(Config\Cache), false)
#7 C:\xampp\htdocs\ci4\index.php(67): CodeIgniter\CodeIgniter->run()
#8 {main}

Next CodeIgniter\Database\Exceptions\DatabaseException: No se puede establecer una conexión ya que el equipo de destino denegó expresamente dicha conexión in C:\xampp\htdocs\ci4\system\Database\MySQLi\Connection.php:218
Stack trace:
#0 C:\xampp\htdocs\ci4\system\Database\BaseConnection.php(391): CodeIgniter\Database\MySQLi\Connection->connect(false)
#1 C:\xampp\htdocs\ci4\system\Database\BaseConnection.php(574): CodeIgniter\Database\BaseConnection->initialize()
#2 C:\xampp\htdocs\ci4\app\Controllers\Home.php(40): CodeIgniter\Database\BaseConnection->query('SELECT nombre, ...')
#3 C:\xampp\htdocs\ci4\system\CodeIgniter.php(932): App\Controllers\Home->Prueba2()
#4 C:\xampp\htdocs\ci4\system\CodeIgniter.php(497): CodeIgniter\CodeIgniter->runController(Object(App\Controllers\Home))
#5 C:\xampp\htdocs\ci4\system\CodeIgniter.php(366): CodeIgniter\CodeIgniter->handleRequest(NULL, Object(Config\Cache), false)
#6 C:\xampp\htdocs\ci4\index.php(67): CodeIgniter\CodeIgniter->run()
#7 {main}
CRITICAL - 2023-07-11 04:17:51 --> Unable to connect to the database.
Main connection [MySQLi]: No se puede establecer una conexión ya que el equipo de destino denegó expresamente dicha conexión
in SYSTEMPATH\Database\BaseConnection.php on line 427.
 1 SYSTEMPATH\Database\BaseConnection.php(574): CodeIgniter\Database\BaseConnection->initialize()
 2 APPPATH\Controllers\Home.php(40): CodeIgniter\Database\BaseConnection->query('SELECT nombre, apellido, direccion, telefono from usuario limit 10')
 3 SYSTEMPATH\CodeIgniter.php(932): App\Controllers\Home->Prueba2()
 4 SYSTEMPATH\CodeIgniter.php(497): CodeIgniter\CodeIgniter->runController(Object(App\Controllers\Home))
 5 SYSTEMPATH\CodeIgniter.php(366): CodeIgniter\CodeIgniter->handleRequest(null, Object(Config\Cache), false)
 6 FCPATH\index.php(67): CodeIgniter\CodeIgniter->run()
WARNING - 2023-07-11 04:19:19 --> [DEPRECATED] Creation of dynamic property App\Controllers\Home::$db is deprecated in APPPATH\Controllers\Home.php on line 38.
 1 SYSTEMPATH\CodeIgniter.php(932): App\Controllers\Home->Prueba2()
 2 SYSTEMPATH\CodeIgniter.php(497): CodeIgniter\CodeIgniter->runController(Object(App\Controllers\Home))
 3 SYSTEMPATH\CodeIgniter.php(366): CodeIgniter\CodeIgniter->handleRequest(null, Object(Config\Cache), false)
 4 FCPATH\index.php(67): CodeIgniter\CodeIgniter->run()
ERROR - 2023-07-11 04:19:25 --> Error connecting to the database: ErrorException: pg_connect(): Unable to connect to PostgreSQL server: could not connect to server: Connection refused (0x0000274D/10061)
	Is the server running on host &quot;192.168.31.24&quot; and accepting
	TCP/IP connections on port 5432? in C:\xampp\htdocs\ci4\system\Database\Postgre\Connection.php:72
Stack trace:
#0 [internal function]: CodeIgniter\Debug\Exceptions->errorHandler(2, 'pg_connect(): U...', 'C:\\xampp\\htdocs...', 72)
#1 C:\xampp\htdocs\ci4\system\Database\Postgre\Connection.php(72): pg_connect('host=192.168.31...')
#2 C:\xampp\htdocs\ci4\system\Database\BaseConnection.php(391): CodeIgniter\Database\Postgre\Connection->connect(false)
#3 C:\xampp\htdocs\ci4\system\Database\BaseConnection.php(574): CodeIgniter\Database\BaseConnection->initialize()
#4 C:\xampp\htdocs\ci4\app\Controllers\Home.php(40): CodeIgniter\Database\BaseConnection->query('SELECT nombre, ...')
#5 C:\xampp\htdocs\ci4\system\CodeIgniter.php(932): App\Controllers\Home->Prueba2()
#6 C:\xampp\htdocs\ci4\system\CodeIgniter.php(497): CodeIgniter\CodeIgniter->runController(Object(App\Controllers\Home))
#7 C:\xampp\htdocs\ci4\system\CodeIgniter.php(366): CodeIgniter\CodeIgniter->handleRequest(NULL, Object(Config\Cache), false)
#8 C:\xampp\htdocs\ci4\index.php(67): CodeIgniter\CodeIgniter->run()
#9 {main}
CRITICAL - 2023-07-11 04:19:25 --> Unable to connect to the database.
Main connection [Postgre]: pg_connect(): Unable to connect to PostgreSQL server: could not connect to server: Connection refused (0x0000274D/10061)
	Is the server running on host &quot;192.168.31.24&quot; and accepting
	TCP/IP connections on port 5432?
in SYSTEMPATH\Database\BaseConnection.php on line 427.
 1 SYSTEMPATH\Database\BaseConnection.php(574): CodeIgniter\Database\BaseConnection->initialize()
 2 APPPATH\Controllers\Home.php(40): CodeIgniter\Database\BaseConnection->query('SELECT nombre, apellido, direccion, telefono from usuario limit 10')
 3 SYSTEMPATH\CodeIgniter.php(932): App\Controllers\Home->Prueba2()
 4 SYSTEMPATH\CodeIgniter.php(497): CodeIgniter\CodeIgniter->runController(Object(App\Controllers\Home))
 5 SYSTEMPATH\CodeIgniter.php(366): CodeIgniter\CodeIgniter->handleRequest(null, Object(Config\Cache), false)
 6 FCPATH\index.php(67): CodeIgniter\CodeIgniter->run()
WARNING - 2023-07-11 04:22:21 --> [DEPRECATED] Creation of dynamic property App\Controllers\Home::$db is deprecated in APPPATH\Controllers\Home.php on line 38.
 1 SYSTEMPATH\CodeIgniter.php(932): App\Controllers\Home->Prueba2()
 2 SYSTEMPATH\CodeIgniter.php(497): CodeIgniter\CodeIgniter->runController(Object(App\Controllers\Home))
 3 SYSTEMPATH\CodeIgniter.php(366): CodeIgniter\CodeIgniter->handleRequest(null, Object(Config\Cache), false)
 4 FCPATH\index.php(67): CodeIgniter\CodeIgniter->run()
ERROR - 2023-07-11 04:22:23 --> Error connecting to the database: ErrorException: pg_connect(): Unable to connect to PostgreSQL server: could not connect to server: Connection refused (0x0000274D/10061)
	Is the server running on host &quot;192.168.31.24&quot; and accepting
	TCP/IP connections on port 5432? in C:\xampp\htdocs\ci4\system\Database\Postgre\Connection.php:72
Stack trace:
#0 [internal function]: CodeIgniter\Debug\Exceptions->errorHandler(2, 'pg_connect(): U...', 'C:\\xampp\\htdocs...', 72)
#1 C:\xampp\htdocs\ci4\system\Database\Postgre\Connection.php(72): pg_connect('host=192.168.31...')
#2 C:\xampp\htdocs\ci4\system\Database\BaseConnection.php(391): CodeIgniter\Database\Postgre\Connection->connect(false)
#3 C:\xampp\htdocs\ci4\system\Database\BaseConnection.php(574): CodeIgniter\Database\BaseConnection->initialize()
#4 C:\xampp\htdocs\ci4\app\Controllers\Home.php(40): CodeIgniter\Database\BaseConnection->query('SELECT nombre, ...')
#5 C:\xampp\htdocs\ci4\system\CodeIgniter.php(932): App\Controllers\Home->Prueba2()
#6 C:\xampp\htdocs\ci4\system\CodeIgniter.php(497): CodeIgniter\CodeIgniter->runController(Object(App\Controllers\Home))
#7 C:\xampp\htdocs\ci4\system\CodeIgniter.php(366): CodeIgniter\CodeIgniter->handleRequest(NULL, Object(Config\Cache), false)
#8 C:\xampp\htdocs\ci4\index.php(67): CodeIgniter\CodeIgniter->run()
#9 {main}
CRITICAL - 2023-07-11 04:22:23 --> Unable to connect to the database.
Main connection [Postgre]: pg_connect(): Unable to connect to PostgreSQL server: could not connect to server: Connection refused (0x0000274D/10061)
	Is the server running on host &quot;192.168.31.24&quot; and accepting
	TCP/IP connections on port 5432?
in SYSTEMPATH\Database\BaseConnection.php on line 427.
 1 SYSTEMPATH\Database\BaseConnection.php(574): CodeIgniter\Database\BaseConnection->initialize()
 2 APPPATH\Controllers\Home.php(40): CodeIgniter\Database\BaseConnection->query('SELECT nombre, apellido, direccion, telefono from usuario limit 10')
 3 SYSTEMPATH\CodeIgniter.php(932): App\Controllers\Home->Prueba2()
 4 SYSTEMPATH\CodeIgniter.php(497): CodeIgniter\CodeIgniter->runController(Object(App\Controllers\Home))
 5 SYSTEMPATH\CodeIgniter.php(366): CodeIgniter\CodeIgniter->handleRequest(null, Object(Config\Cache), false)
 6 FCPATH\index.php(67): CodeIgniter\CodeIgniter->run()
WARNING - 2023-07-11 04:22:58 --> [DEPRECATED] Creation of dynamic property App\Controllers\Home::$db is deprecated in APPPATH\Controllers\Home.php on line 38.
 1 SYSTEMPATH\CodeIgniter.php(932): App\Controllers\Home->Prueba2()
 2 SYSTEMPATH\CodeIgniter.php(497): CodeIgniter\CodeIgniter->runController(Object(App\Controllers\Home))
 3 SYSTEMPATH\CodeIgniter.php(366): CodeIgniter\CodeIgniter->handleRequest(null, Object(Config\Cache), false)
 4 FCPATH\index.php(67): CodeIgniter\CodeIgniter->run()
ERROR - 2023-07-11 04:23:00 --> Error connecting to the database: ErrorException: pg_connect(): Unable to connect to PostgreSQL server: could not connect to server: Connection refused (0x0000274D/10061)
	Is the server running on host &quot;192.168.31.24&quot; and accepting
	TCP/IP connections on port 5432? in C:\xampp\htdocs\ci4\system\Database\Postgre\Connection.php:72
Stack trace:
#0 [internal function]: CodeIgniter\Debug\Exceptions->errorHandler(2, 'pg_connect(): U...', 'C:\\xampp\\htdocs...', 72)
#1 C:\xampp\htdocs\ci4\system\Database\Postgre\Connection.php(72): pg_connect('host=192.168.31...')
#2 C:\xampp\htdocs\ci4\system\Database\BaseConnection.php(391): CodeIgniter\Database\Postgre\Connection->connect(false)
#3 C:\xampp\htdocs\ci4\system\Database\BaseConnection.php(574): CodeIgniter\Database\BaseConnection->initialize()
#4 C:\xampp\htdocs\ci4\app\Controllers\Home.php(40): CodeIgniter\Database\BaseConnection->query('SELECT nombre, ...')
#5 C:\xampp\htdocs\ci4\system\CodeIgniter.php(932): App\Controllers\Home->Prueba2()
#6 C:\xampp\htdocs\ci4\system\CodeIgniter.php(497): CodeIgniter\CodeIgniter->runController(Object(App\Controllers\Home))
#7 C:\xampp\htdocs\ci4\system\CodeIgniter.php(366): CodeIgniter\CodeIgniter->handleRequest(NULL, Object(Config\Cache), false)
#8 C:\xampp\htdocs\ci4\index.php(67): CodeIgniter\CodeIgniter->run()
#9 {main}
CRITICAL - 2023-07-11 04:23:00 --> Unable to connect to the database.
Main connection [Postgre]: pg_connect(): Unable to connect to PostgreSQL server: could not connect to server: Connection refused (0x0000274D/10061)
	Is the server running on host &quot;192.168.31.24&quot; and accepting
	TCP/IP connections on port 5432?
in SYSTEMPATH\Database\BaseConnection.php on line 427.
 1 SYSTEMPATH\Database\BaseConnection.php(574): CodeIgniter\Database\BaseConnection->initialize()
 2 APPPATH\Controllers\Home.php(40): CodeIgniter\Database\BaseConnection->query('SELECT nombre, apellido, direccion, telefono from usuario limit 10')
 3 SYSTEMPATH\CodeIgniter.php(932): App\Controllers\Home->Prueba2()
 4 SYSTEMPATH\CodeIgniter.php(497): CodeIgniter\CodeIgniter->runController(Object(App\Controllers\Home))
 5 SYSTEMPATH\CodeIgniter.php(366): CodeIgniter\CodeIgniter->handleRequest(null, Object(Config\Cache), false)
 6 FCPATH\index.php(67): CodeIgniter\CodeIgniter->run()
WARNING - 2023-07-11 04:24:47 --> [DEPRECATED] Creation of dynamic property App\Controllers\Home::$db is deprecated in APPPATH\Controllers\Home.php on line 38.
 1 SYSTEMPATH\CodeIgniter.php(932): App\Controllers\Home->Prueba2()
 2 SYSTEMPATH\CodeIgniter.php(497): CodeIgniter\CodeIgniter->runController(Object(App\Controllers\Home))
 3 SYSTEMPATH\CodeIgniter.php(366): CodeIgniter\CodeIgniter->handleRequest(null, Object(Config\Cache), false)
 4 FCPATH\index.php(67): CodeIgniter\CodeIgniter->run()
ERROR - 2023-07-11 04:24:49 --> Error connecting to the database: ErrorException: pg_connect(): Unable to connect to PostgreSQL server: could not connect to server: Connection refused (0x0000274D/10061)
	Is the server running on host &quot;192.168.31.24&quot; and accepting
	TCP/IP connections on port 5432? in C:\xampp\htdocs\ci4\system\Database\Postgre\Connection.php:72
Stack trace:
#0 [internal function]: CodeIgniter\Debug\Exceptions->errorHandler(2, 'pg_connect(): U...', 'C:\\xampp\\htdocs...', 72)
#1 C:\xampp\htdocs\ci4\system\Database\Postgre\Connection.php(72): pg_connect('host=192.168.31...')
#2 C:\xampp\htdocs\ci4\system\Database\BaseConnection.php(391): CodeIgniter\Database\Postgre\Connection->connect(false)
#3 C:\xampp\htdocs\ci4\system\Database\BaseConnection.php(574): CodeIgniter\Database\BaseConnection->initialize()
#4 C:\xampp\htdocs\ci4\app\Controllers\Home.php(40): CodeIgniter\Database\BaseConnection->query('SELECT nombre, ...')
#5 C:\xampp\htdocs\ci4\system\CodeIgniter.php(932): App\Controllers\Home->Prueba2()
#6 C:\xampp\htdocs\ci4\system\CodeIgniter.php(497): CodeIgniter\CodeIgniter->runController(Object(App\Controllers\Home))
#7 C:\xampp\htdocs\ci4\system\CodeIgniter.php(366): CodeIgniter\CodeIgniter->handleRequest(NULL, Object(Config\Cache), false)
#8 C:\xampp\htdocs\ci4\index.php(67): CodeIgniter\CodeIgniter->run()
#9 {main}
CRITICAL - 2023-07-11 04:24:49 --> Unable to connect to the database.
Main connection [Postgre]: pg_connect(): Unable to connect to PostgreSQL server: could not connect to server: Connection refused (0x0000274D/10061)
	Is the server running on host &quot;192.168.31.24&quot; and accepting
	TCP/IP connections on port 5432?
in SYSTEMPATH\Database\BaseConnection.php on line 427.
 1 SYSTEMPATH\Database\BaseConnection.php(574): CodeIgniter\Database\BaseConnection->initialize()
 2 APPPATH\Controllers\Home.php(40): CodeIgniter\Database\BaseConnection->query('SELECT nombre, apellido, direccion, telefono from usuario limit 10')
 3 SYSTEMPATH\CodeIgniter.php(932): App\Controllers\Home->Prueba2()
 4 SYSTEMPATH\CodeIgniter.php(497): CodeIgniter\CodeIgniter->runController(Object(App\Controllers\Home))
 5 SYSTEMPATH\CodeIgniter.php(366): CodeIgniter\CodeIgniter->handleRequest(null, Object(Config\Cache), false)
 6 FCPATH\index.php(67): CodeIgniter\CodeIgniter->run()
CRITICAL - 2023-07-11 04:26:37 --> syntax error, unexpected token "}"
in APPPATH\Controllers\Home.php on line 47.
 1 SYSTEMPATH\Autoloader\Autoloader.php(289): CodeIgniter\Autoloader\Autoloader->includeFile('C:\\xampp\\htdocs\\ci4\\app\\Controllers\\Home.php')
 2 SYSTEMPATH\Autoloader\Autoloader.php(267): CodeIgniter\Autoloader\Autoloader->loadInNamespace('App\\Controllers\\Home')
 3 [internal function]: CodeIgniter\Autoloader\Autoloader->loadClass('App\\Controllers\\Home')
 4 SYSTEMPATH\CodeIgniter.php(890): class_exists('\\App\\Controllers\\Home', true)
 5 SYSTEMPATH\CodeIgniter.php(484): CodeIgniter\CodeIgniter->startController()
 6 SYSTEMPATH\CodeIgniter.php(366): CodeIgniter\CodeIgniter->handleRequest(null, Object(Config\Cache), false)
 7 FCPATH\index.php(67): CodeIgniter\CodeIgniter->run()
WARNING - 2023-07-11 04:27:30 --> [DEPRECATED] Creation of dynamic property App\Controllers\Home::$db is deprecated in APPPATH\Controllers\Home.php on line 38.
 1 SYSTEMPATH\CodeIgniter.php(932): App\Controllers\Home->Prueba2()
 2 SYSTEMPATH\CodeIgniter.php(497): CodeIgniter\CodeIgniter->runController(Object(App\Controllers\Home))
 3 SYSTEMPATH\CodeIgniter.php(366): CodeIgniter\CodeIgniter->handleRequest(null, Object(Config\Cache), false)
 4 FCPATH\index.php(67): CodeIgniter\CodeIgniter->run()
ERROR - 2023-07-11 04:27:32 --> Error connecting to the database: ErrorException: pg_connect(): Unable to connect to PostgreSQL server: could not connect to server: Connection refused (0x0000274D/10061)
	Is the server running on host &quot;192.168.31.24&quot; and accepting
	TCP/IP connections on port 5432? in C:\xampp\htdocs\ci4\system\Database\Postgre\Connection.php:72
Stack trace:
#0 [internal function]: CodeIgniter\Debug\Exceptions->errorHandler(2, 'pg_connect(): U...', 'C:\\xampp\\htdocs...', 72)
#1 C:\xampp\htdocs\ci4\system\Database\Postgre\Connection.php(72): pg_connect('host=192.168.31...')
#2 C:\xampp\htdocs\ci4\system\Database\BaseConnection.php(391): CodeIgniter\Database\Postgre\Connection->connect(false)
#3 C:\xampp\htdocs\ci4\system\Database\BaseConnection.php(574): CodeIgniter\Database\BaseConnection->initialize()
#4 C:\xampp\htdocs\ci4\app\Controllers\Home.php(40): CodeIgniter\Database\BaseConnection->query('SELECT nombre, ...')
#5 C:\xampp\htdocs\ci4\system\CodeIgniter.php(932): App\Controllers\Home->Prueba2()
#6 C:\xampp\htdocs\ci4\system\CodeIgniter.php(497): CodeIgniter\CodeIgniter->runController(Object(App\Controllers\Home))
#7 C:\xampp\htdocs\ci4\system\CodeIgniter.php(366): CodeIgniter\CodeIgniter->handleRequest(NULL, Object(Config\Cache), false)
#8 C:\xampp\htdocs\ci4\index.php(67): CodeIgniter\CodeIgniter->run()
#9 {main}
CRITICAL - 2023-07-11 04:27:32 --> Unable to connect to the database.
Main connection [Postgre]: pg_connect(): Unable to connect to PostgreSQL server: could not connect to server: Connection refused (0x0000274D/10061)
	Is the server running on host &quot;192.168.31.24&quot; and accepting
	TCP/IP connections on port 5432?
in SYSTEMPATH\Database\BaseConnection.php on line 427.
 1 SYSTEMPATH\Database\BaseConnection.php(574): CodeIgniter\Database\BaseConnection->initialize()
 2 APPPATH\Controllers\Home.php(40): CodeIgniter\Database\BaseConnection->query('SELECT nombre, apellido, direccion, telefono from usuario limit 10')
 3 SYSTEMPATH\CodeIgniter.php(932): App\Controllers\Home->Prueba2()
 4 SYSTEMPATH\CodeIgniter.php(497): CodeIgniter\CodeIgniter->runController(Object(App\Controllers\Home))
 5 SYSTEMPATH\CodeIgniter.php(366): CodeIgniter\CodeIgniter->handleRequest(null, Object(Config\Cache), false)
 6 FCPATH\index.php(67): CodeIgniter\CodeIgniter->run()
WARNING - 2023-07-11 04:28:29 --> [DEPRECATED] Creation of dynamic property App\Controllers\Home::$db is deprecated in APPPATH\Controllers\Home.php on line 38.
 1 SYSTEMPATH\CodeIgniter.php(932): App\Controllers\Home->Prueba2()
 2 SYSTEMPATH\CodeIgniter.php(497): CodeIgniter\CodeIgniter->runController(Object(App\Controllers\Home))
 3 SYSTEMPATH\CodeIgniter.php(366): CodeIgniter\CodeIgniter->handleRequest(null, Object(Config\Cache), false)
 4 FCPATH\index.php(67): CodeIgniter\CodeIgniter->run()
ERROR - 2023-07-11 04:28:31 --> Error connecting to the database: ErrorException: pg_connect(): Unable to connect to PostgreSQL server: could not connect to server: Connection refused (0x0000274D/10061)
	Is the server running on host &quot;192.168.31.24&quot; and accepting
	TCP/IP connections on port 5432? in C:\xampp\htdocs\ci4\system\Database\Postgre\Connection.php:72
Stack trace:
#0 [internal function]: CodeIgniter\Debug\Exceptions->errorHandler(2, 'pg_connect(): U...', 'C:\\xampp\\htdocs...', 72)
#1 C:\xampp\htdocs\ci4\system\Database\Postgre\Connection.php(72): pg_connect('host=192.168.31...')
#2 C:\xampp\htdocs\ci4\system\Database\BaseConnection.php(391): CodeIgniter\Database\Postgre\Connection->connect(false)
#3 C:\xampp\htdocs\ci4\system\Database\BaseConnection.php(574): CodeIgniter\Database\BaseConnection->initialize()
#4 C:\xampp\htdocs\ci4\app\Controllers\Home.php(40): CodeIgniter\Database\BaseConnection->query('SELECT nombre, ...')
#5 C:\xampp\htdocs\ci4\system\CodeIgniter.php(932): App\Controllers\Home->Prueba2()
#6 C:\xampp\htdocs\ci4\system\CodeIgniter.php(497): CodeIgniter\CodeIgniter->runController(Object(App\Controllers\Home))
#7 C:\xampp\htdocs\ci4\system\CodeIgniter.php(366): CodeIgniter\CodeIgniter->handleRequest(NULL, Object(Config\Cache), false)
#8 C:\xampp\htdocs\ci4\index.php(67): CodeIgniter\CodeIgniter->run()
#9 {main}
CRITICAL - 2023-07-11 04:28:31 --> Unable to connect to the database.
Main connection [Postgre]: pg_connect(): Unable to connect to PostgreSQL server: could not connect to server: Connection refused (0x0000274D/10061)
	Is the server running on host &quot;192.168.31.24&quot; and accepting
	TCP/IP connections on port 5432?
in SYSTEMPATH\Database\BaseConnection.php on line 427.
 1 SYSTEMPATH\Database\BaseConnection.php(574): CodeIgniter\Database\BaseConnection->initialize()
 2 APPPATH\Controllers\Home.php(40): CodeIgniter\Database\BaseConnection->query('SELECT nombre, apellido, direccion, telefono from usuario limit 10')
 3 SYSTEMPATH\CodeIgniter.php(932): App\Controllers\Home->Prueba2()
 4 SYSTEMPATH\CodeIgniter.php(497): CodeIgniter\CodeIgniter->runController(Object(App\Controllers\Home))
 5 SYSTEMPATH\CodeIgniter.php(366): CodeIgniter\CodeIgniter->handleRequest(null, Object(Config\Cache), false)
 6 FCPATH\index.php(67): CodeIgniter\CodeIgniter->run()
WARNING - 2023-07-11 04:29:44 --> [DEPRECATED] Creation of dynamic property App\Controllers\Home::$db is deprecated in APPPATH\Controllers\Home.php on line 38.
 1 SYSTEMPATH\CodeIgniter.php(932): App\Controllers\Home->Prueba2()
 2 SYSTEMPATH\CodeIgniter.php(497): CodeIgniter\CodeIgniter->runController(Object(App\Controllers\Home))
 3 SYSTEMPATH\CodeIgniter.php(366): CodeIgniter\CodeIgniter->handleRequest(null, Object(Config\Cache), false)
 4 FCPATH\index.php(67): CodeIgniter\CodeIgniter->run()
ERROR - 2023-07-11 04:29:46 --> Error connecting to the database: ErrorException: pg_connect(): Unable to connect to PostgreSQL server: could not connect to server: Connection refused (0x0000274D/10061)
	Is the server running on host &quot;192.168.31.24&quot; and accepting
	TCP/IP connections on port 5432? in C:\xampp\htdocs\ci4\system\Database\Postgre\Connection.php:72
Stack trace:
#0 [internal function]: CodeIgniter\Debug\Exceptions->errorHandler(2, 'pg_connect(): U...', 'C:\\xampp\\htdocs...', 72)
#1 C:\xampp\htdocs\ci4\system\Database\Postgre\Connection.php(72): pg_connect('host=192.168.31...')
#2 C:\xampp\htdocs\ci4\system\Database\BaseConnection.php(391): CodeIgniter\Database\Postgre\Connection->connect(false)
#3 C:\xampp\htdocs\ci4\system\Database\BaseConnection.php(574): CodeIgniter\Database\BaseConnection->initialize()
#4 C:\xampp\htdocs\ci4\app\Controllers\Home.php(40): CodeIgniter\Database\BaseConnection->query('SELECT nombre, ...')
#5 C:\xampp\htdocs\ci4\system\CodeIgniter.php(932): App\Controllers\Home->Prueba2()
#6 C:\xampp\htdocs\ci4\system\CodeIgniter.php(497): CodeIgniter\CodeIgniter->runController(Object(App\Controllers\Home))
#7 C:\xampp\htdocs\ci4\system\CodeIgniter.php(366): CodeIgniter\CodeIgniter->handleRequest(NULL, Object(Config\Cache), false)
#8 C:\xampp\htdocs\ci4\index.php(67): CodeIgniter\CodeIgniter->run()
#9 {main}
CRITICAL - 2023-07-11 04:29:46 --> Unable to connect to the database.
Main connection [Postgre]: pg_connect(): Unable to connect to PostgreSQL server: could not connect to server: Connection refused (0x0000274D/10061)
	Is the server running on host &quot;192.168.31.24&quot; and accepting
	TCP/IP connections on port 5432?
in SYSTEMPATH\Database\BaseConnection.php on line 427.
 1 SYSTEMPATH\Database\BaseConnection.php(574): CodeIgniter\Database\BaseConnection->initialize()
 2 APPPATH\Controllers\Home.php(40): CodeIgniter\Database\BaseConnection->query('SELECT nombre, apellido, direccion, telefono from usuario')
 3 SYSTEMPATH\CodeIgniter.php(932): App\Controllers\Home->Prueba2()
 4 SYSTEMPATH\CodeIgniter.php(497): CodeIgniter\CodeIgniter->runController(Object(App\Controllers\Home))
 5 SYSTEMPATH\CodeIgniter.php(366): CodeIgniter\CodeIgniter->handleRequest(null, Object(Config\Cache), false)
 6 FCPATH\index.php(67): CodeIgniter\CodeIgniter->run()
WARNING - 2023-07-11 04:33:31 --> [DEPRECATED] Creation of dynamic property App\Controllers\Home::$db is deprecated in APPPATH\Controllers\Home.php on line 38.
 1 SYSTEMPATH\CodeIgniter.php(932): App\Controllers\Home->Prueba2()
 2 SYSTEMPATH\CodeIgniter.php(497): CodeIgniter\CodeIgniter->runController(Object(App\Controllers\Home))
 3 SYSTEMPATH\CodeIgniter.php(366): CodeIgniter\CodeIgniter->handleRequest(null, Object(Config\Cache), false)
 4 FCPATH\index.php(67): CodeIgniter\CodeIgniter->run()
ERROR - 2023-07-11 04:33:33 --> Error connecting to the database: ErrorException: pg_connect(): Unable to connect to PostgreSQL server: could not connect to server: Connection refused (0x0000274D/10061)
	Is the server running on host &quot;192.168.31.24&quot; and accepting
	TCP/IP connections on port 5432? in C:\xampp\htdocs\ci4\system\Database\Postgre\Connection.php:72
Stack trace:
#0 [internal function]: CodeIgniter\Debug\Exceptions->errorHandler(2, 'pg_connect(): U...', 'C:\\xampp\\htdocs...', 72)
#1 C:\xampp\htdocs\ci4\system\Database\Postgre\Connection.php(72): pg_connect('host=192.168.31...')
#2 C:\xampp\htdocs\ci4\system\Database\BaseConnection.php(391): CodeIgniter\Database\Postgre\Connection->connect(false)
#3 C:\xampp\htdocs\ci4\system\Database\BaseConnection.php(574): CodeIgniter\Database\BaseConnection->initialize()
#4 C:\xampp\htdocs\ci4\app\Controllers\Home.php(40): CodeIgniter\Database\BaseConnection->query('SELECT nombre, ...')
#5 C:\xampp\htdocs\ci4\system\CodeIgniter.php(932): App\Controllers\Home->Prueba2()
#6 C:\xampp\htdocs\ci4\system\CodeIgniter.php(497): CodeIgniter\CodeIgniter->runController(Object(App\Controllers\Home))
#7 C:\xampp\htdocs\ci4\system\CodeIgniter.php(366): CodeIgniter\CodeIgniter->handleRequest(NULL, Object(Config\Cache), false)
#8 C:\xampp\htdocs\ci4\index.php(67): CodeIgniter\CodeIgniter->run()
#9 {main}
CRITICAL - 2023-07-11 04:33:33 --> Unable to connect to the database.
Main connection [Postgre]: pg_connect(): Unable to connect to PostgreSQL server: could not connect to server: Connection refused (0x0000274D/10061)
	Is the server running on host &quot;192.168.31.24&quot; and accepting
	TCP/IP connections on port 5432?
in SYSTEMPATH\Database\BaseConnection.php on line 427.
 1 SYSTEMPATH\Database\BaseConnection.php(574): CodeIgniter\Database\BaseConnection->initialize()
 2 APPPATH\Controllers\Home.php(40): CodeIgniter\Database\BaseConnection->query('SELECT nombre, apellido, direccion, telefono from usuario')
 3 SYSTEMPATH\CodeIgniter.php(932): App\Controllers\Home->Prueba2()
 4 SYSTEMPATH\CodeIgniter.php(497): CodeIgniter\CodeIgniter->runController(Object(App\Controllers\Home))
 5 SYSTEMPATH\CodeIgniter.php(366): CodeIgniter\CodeIgniter->handleRequest(null, Object(Config\Cache), false)
 6 FCPATH\index.php(67): CodeIgniter\CodeIgniter->run()
WARNING - 2023-07-11 04:38:52 --> [DEPRECATED] Creation of dynamic property App\Controllers\Home::$db is deprecated in APPPATH\Controllers\Home.php on line 38.
 1 SYSTEMPATH\CodeIgniter.php(932): App\Controllers\Home->Prueba2()
 2 SYSTEMPATH\CodeIgniter.php(497): CodeIgniter\CodeIgniter->runController(Object(App\Controllers\Home))
 3 SYSTEMPATH\CodeIgniter.php(366): CodeIgniter\CodeIgniter->handleRequest(null, Object(Config\Cache), false)
 4 FCPATH\index.php(67): CodeIgniter\CodeIgniter->run()
ERROR - 2023-07-11 04:38:54 --> Error connecting to the database: ErrorException: pg_connect(): Unable to connect to PostgreSQL server: could not connect to server: Connection refused (0x0000274D/10061)
	Is the server running on host &quot;192.168.31.24&quot; and accepting
	TCP/IP connections on port 5432? in C:\xampp\htdocs\ci4\system\Database\Postgre\Connection.php:72
Stack trace:
#0 [internal function]: CodeIgniter\Debug\Exceptions->errorHandler(2, 'pg_connect(): U...', 'C:\\xampp\\htdocs...', 72)
#1 C:\xampp\htdocs\ci4\system\Database\Postgre\Connection.php(72): pg_connect('host=192.168.31...')
#2 C:\xampp\htdocs\ci4\system\Database\BaseConnection.php(391): CodeIgniter\Database\Postgre\Connection->connect(false)
#3 C:\xampp\htdocs\ci4\system\Database\BaseConnection.php(574): CodeIgniter\Database\BaseConnection->initialize()
#4 C:\xampp\htdocs\ci4\app\Controllers\Home.php(40): CodeIgniter\Database\BaseConnection->query('SELECT * from u...')
#5 C:\xampp\htdocs\ci4\system\CodeIgniter.php(932): App\Controllers\Home->Prueba2()
#6 C:\xampp\htdocs\ci4\system\CodeIgniter.php(497): CodeIgniter\CodeIgniter->runController(Object(App\Controllers\Home))
#7 C:\xampp\htdocs\ci4\system\CodeIgniter.php(366): CodeIgniter\CodeIgniter->handleRequest(NULL, Object(Config\Cache), false)
#8 C:\xampp\htdocs\ci4\index.php(67): CodeIgniter\CodeIgniter->run()
#9 {main}
CRITICAL - 2023-07-11 04:38:54 --> Unable to connect to the database.
Main connection [Postgre]: pg_connect(): Unable to connect to PostgreSQL server: could not connect to server: Connection refused (0x0000274D/10061)
	Is the server running on host &quot;192.168.31.24&quot; and accepting
	TCP/IP connections on port 5432?
in SYSTEMPATH\Database\BaseConnection.php on line 427.
 1 SYSTEMPATH\Database\BaseConnection.php(574): CodeIgniter\Database\BaseConnection->initialize()
 2 APPPATH\Controllers\Home.php(40): CodeIgniter\Database\BaseConnection->query('SELECT * from usuario')
 3 SYSTEMPATH\CodeIgniter.php(932): App\Controllers\Home->Prueba2()
 4 SYSTEMPATH\CodeIgniter.php(497): CodeIgniter\CodeIgniter->runController(Object(App\Controllers\Home))
 5 SYSTEMPATH\CodeIgniter.php(366): CodeIgniter\CodeIgniter->handleRequest(null, Object(Config\Cache), false)
 6 FCPATH\index.php(67): CodeIgniter\CodeIgniter->run()
WARNING - 2023-07-11 04:39:28 --> [DEPRECATED] Creation of dynamic property App\Controllers\Home::$db is deprecated in APPPATH\Controllers\Home.php on line 38.
 1 SYSTEMPATH\CodeIgniter.php(932): App\Controllers\Home->Prueba2()
 2 SYSTEMPATH\CodeIgniter.php(497): CodeIgniter\CodeIgniter->runController(Object(App\Controllers\Home))
 3 SYSTEMPATH\CodeIgniter.php(366): CodeIgniter\CodeIgniter->handleRequest(null, Object(Config\Cache), false)
 4 FCPATH\index.php(67): CodeIgniter\CodeIgniter->run()
ERROR - 2023-07-11 04:39:30 --> Error connecting to the database: ErrorException: pg_connect(): Unable to connect to PostgreSQL server: could not connect to server: Connection refused (0x0000274D/10061)
	Is the server running on host &quot;192.168.31.24&quot; and accepting
	TCP/IP connections on port 5432? in C:\xampp\htdocs\ci4\system\Database\Postgre\Connection.php:72
Stack trace:
#0 [internal function]: CodeIgniter\Debug\Exceptions->errorHandler(2, 'pg_connect(): U...', 'C:\\xampp\\htdocs...', 72)
#1 C:\xampp\htdocs\ci4\system\Database\Postgre\Connection.php(72): pg_connect('host=192.168.31...')
#2 C:\xampp\htdocs\ci4\system\Database\BaseConnection.php(391): CodeIgniter\Database\Postgre\Connection->connect(false)
#3 C:\xampp\htdocs\ci4\system\Database\BaseConnection.php(574): CodeIgniter\Database\BaseConnection->initialize()
#4 C:\xampp\htdocs\ci4\app\Controllers\Home.php(40): CodeIgniter\Database\BaseConnection->query('SELECT * FROM u...')
#5 C:\xampp\htdocs\ci4\system\CodeIgniter.php(932): App\Controllers\Home->Prueba2()
#6 C:\xampp\htdocs\ci4\system\CodeIgniter.php(497): CodeIgniter\CodeIgniter->runController(Object(App\Controllers\Home))
#7 C:\xampp\htdocs\ci4\system\CodeIgniter.php(366): CodeIgniter\CodeIgniter->handleRequest(NULL, Object(Config\Cache), false)
#8 C:\xampp\htdocs\ci4\index.php(67): CodeIgniter\CodeIgniter->run()
#9 {main}
CRITICAL - 2023-07-11 04:39:30 --> Unable to connect to the database.
Main connection [Postgre]: pg_connect(): Unable to connect to PostgreSQL server: could not connect to server: Connection refused (0x0000274D/10061)
	Is the server running on host &quot;192.168.31.24&quot; and accepting
	TCP/IP connections on port 5432?
in SYSTEMPATH\Database\BaseConnection.php on line 427.
 1 SYSTEMPATH\Database\BaseConnection.php(574): CodeIgniter\Database\BaseConnection->initialize()
 2 APPPATH\Controllers\Home.php(40): CodeIgniter\Database\BaseConnection->query('SELECT * FROM usuario')
 3 SYSTEMPATH\CodeIgniter.php(932): App\Controllers\Home->Prueba2()
 4 SYSTEMPATH\CodeIgniter.php(497): CodeIgniter\CodeIgniter->runController(Object(App\Controllers\Home))
 5 SYSTEMPATH\CodeIgniter.php(366): CodeIgniter\CodeIgniter->handleRequest(null, Object(Config\Cache), false)
 6 FCPATH\index.php(67): CodeIgniter\CodeIgniter->run()
