CRITICAL - 2023-07-17 00:47:18 --> Undefined property: App\Controllers\Personas::$resquest
in APPPATH\Controllers\Personas.php on line 33.
 1 APPPATH\Controllers\Personas.php(33): CodeIgniter\Debug\Exceptions->errorHandler(2, 'Undefined property: App\\Controllers\\Personas::$resquest', 'C:\\xampp\\htdocs\\Ci4\\app\\Controllers\\Personas.php', 33)
 2 SYSTEMPATH\CodeIgniter.php(932): App\Controllers\Personas->guardar()
 3 SYSTEMPATH\CodeIgniter.php(497): CodeIgniter\CodeIgniter->runController(Object(App\Controllers\Personas))
 4 SYSTEMPATH\CodeIgniter.php(366): CodeIgniter\CodeIgniter->handleRequest(null, Object(Config\Cache), false)
 5 FCPATH\index.php(67): CodeIgniter\CodeIgniter->run()
CRITICAL - 2023-07-17 00:47:56 --> Undefined property: App\Controllers\Personas::$resquest
in APPPATH\Controllers\Personas.php on line 33.
 1 APPPATH\Controllers\Personas.php(33): CodeIgniter\Debug\Exceptions->errorHandler(2, 'Undefined property: App\\Controllers\\Personas::$resquest', 'C:\\xampp\\htdocs\\Ci4\\app\\Controllers\\Personas.php', 33)
 2 SYSTEMPATH\CodeIgniter.php(932): App\Controllers\Personas->guardar()
 3 SYSTEMPATH\CodeIgniter.php(497): CodeIgniter\CodeIgniter->runController(Object(App\Controllers\Personas))
 4 SYSTEMPATH\CodeIgniter.php(366): CodeIgniter\CodeIgniter->handleRequest(null, Object(Config\Cache), false)
 5 FCPATH\index.php(67): CodeIgniter\CodeIgniter->run()
CRITICAL - 2023-07-17 00:48:38 --> Undefined property: App\Controllers\Personas::$resquest
in APPPATH\Controllers\Personas.php on line 32.
 1 APPPATH\Controllers\Personas.php(32): CodeIgniter\Debug\Exceptions->errorHandler(2, 'Undefined property: App\\Controllers\\Personas::$resquest', 'C:\\xampp\\htdocs\\Ci4\\app\\Controllers\\Personas.php', 32)
 2 SYSTEMPATH\CodeIgniter.php(932): App\Controllers\Personas->guardar()
 3 SYSTEMPATH\CodeIgniter.php(497): CodeIgniter\CodeIgniter->runController(Object(App\Controllers\Personas))
 4 SYSTEMPATH\CodeIgniter.php(366): CodeIgniter\CodeIgniter->handleRequest(null, Object(Config\Cache), false)
 5 FCPATH\index.php(67): CodeIgniter\CodeIgniter->run()
WARNING - 2023-07-17 00:58:46 --> [DEPRECATED] Creation of dynamic property App\Models\Persona::$nombre is deprecated in APPPATH\Controllers\Personas.php on line 35.
 1 SYSTEMPATH\CodeIgniter.php(932): App\Controllers\Personas->guardar()
 2 SYSTEMPATH\CodeIgniter.php(497): CodeIgniter\CodeIgniter->runController(Object(App\Controllers\Personas))
 3 SYSTEMPATH\CodeIgniter.php(366): CodeIgniter\CodeIgniter->handleRequest(null, Object(Config\Cache), false)
 4 FCPATH\index.php(67): CodeIgniter\CodeIgniter->run()
CRITICAL - 2023-07-17 00:58:46 --> Too few arguments to function CodeIgniter\BaseModel::save(), 0 passed in C:\xampp\htdocs\Ci4\app\Controllers\Personas.php on line 36 and exactly 1 expected
in SYSTEMPATH\BaseModel.php on line 683.
 1 APPPATH\Controllers\Personas.php(36): CodeIgniter\BaseModel->save()
 2 SYSTEMPATH\CodeIgniter.php(932): App\Controllers\Personas->guardar()
 3 SYSTEMPATH\CodeIgniter.php(497): CodeIgniter\CodeIgniter->runController(Object(App\Controllers\Personas))
 4 SYSTEMPATH\CodeIgniter.php(366): CodeIgniter\CodeIgniter->handleRequest(null, Object(Config\Cache), false)
 5 FCPATH\index.php(67): CodeIgniter\CodeIgniter->run()
WARNING - 2023-07-17 01:16:22 --> [DEPRECATED] Creation of dynamic property App\Models\Persona::$nombre is deprecated in APPPATH\Controllers\Personas.php on line 35.
 1 SYSTEMPATH\CodeIgniter.php(932): App\Controllers\Personas->guardar()
 2 SYSTEMPATH\CodeIgniter.php(497): CodeIgniter\CodeIgniter->runController(Object(App\Controllers\Personas))
 3 SYSTEMPATH\CodeIgniter.php(366): CodeIgniter\CodeIgniter->handleRequest(null, Object(Config\Cache), false)
 4 FCPATH\index.php(67): CodeIgniter\CodeIgniter->run()
CRITICAL - 2023-07-17 01:16:22 --> Too few arguments to function CodeIgniter\BaseModel::save(), 0 passed in C:\xampp\htdocs\Ci4\app\Controllers\Personas.php on line 36 and exactly 1 expected
in SYSTEMPATH\BaseModel.php on line 683.
 1 APPPATH\Controllers\Personas.php(36): CodeIgniter\BaseModel->save()
 2 SYSTEMPATH\CodeIgniter.php(932): App\Controllers\Personas->guardar()
 3 SYSTEMPATH\CodeIgniter.php(497): CodeIgniter\CodeIgniter->runController(Object(App\Controllers\Personas))
 4 SYSTEMPATH\CodeIgniter.php(366): CodeIgniter\CodeIgniter->handleRequest(null, Object(Config\Cache), false)
 5 FCPATH\index.php(67): CodeIgniter\CodeIgniter->run()
CRITICAL - 2023-07-17 01:18:54 --> Undefined variable $cabecera
in APPPATH\Views\personas\crear.php on line 1.
 1 APPPATH\Views\personas\crear.php(1): CodeIgniter\Debug\Exceptions->errorHandler(2, 'Undefined variable $cabecera', 'C:\\xampp\\htdocs\\Ci4\\app\\Views\\personas\\crear.php', 1)
 2 SYSTEMPATH\View\View.php(224): include('C:\\xampp\\htdocs\\Ci4\\app\\Views\\personas\\crear.php')
 3 SYSTEMPATH\View\View.php(227): CodeIgniter\View\View->CodeIgniter\View\{closure}()
 4 SYSTEMPATH\Common.php(1180): CodeIgniter\View\View->render('personas/crear', [], true)
 5 APPPATH\Controllers\Home.php(10): view('personas/crear')
 6 SYSTEMPATH\CodeIgniter.php(932): App\Controllers\Home->index()
 7 SYSTEMPATH\CodeIgniter.php(497): CodeIgniter\CodeIgniter->runController(Object(App\Controllers\Home))
 8 SYSTEMPATH\CodeIgniter.php(366): CodeIgniter\CodeIgniter->handleRequest(null, Object(Config\Cache), false)
 9 FCPATH\index.php(67): CodeIgniter\CodeIgniter->run()
CRITICAL - 2023-07-17 01:19:22 --> Undefined variable $cabecera
in APPPATH\Views\personas\crear.php on line 1.
 1 APPPATH\Views\personas\crear.php(1): CodeIgniter\Debug\Exceptions->errorHandler(2, 'Undefined variable $cabecera', 'C:\\xampp\\htdocs\\Ci4\\app\\Views\\personas\\crear.php', 1)
 2 SYSTEMPATH\View\View.php(224): include('C:\\xampp\\htdocs\\Ci4\\app\\Views\\personas\\crear.php')
 3 SYSTEMPATH\View\View.php(227): CodeIgniter\View\View->CodeIgniter\View\{closure}()
 4 SYSTEMPATH\Common.php(1180): CodeIgniter\View\View->render('personas/crear', [], true)
 5 APPPATH\Controllers\Home.php(10): view('personas/crear')
 6 SYSTEMPATH\CodeIgniter.php(932): App\Controllers\Home->index()
 7 SYSTEMPATH\CodeIgniter.php(497): CodeIgniter\CodeIgniter->runController(Object(App\Controllers\Home))
 8 SYSTEMPATH\CodeIgniter.php(366): CodeIgniter\CodeIgniter->handleRequest(null, Object(Config\Cache), false)
 9 FCPATH\index.php(67): CodeIgniter\CodeIgniter->run()
CRITICAL - 2023-07-17 01:20:15 --> Undefined variable $cabecera
in APPPATH\Views\personas\crear.php on line 1.
 1 APPPATH\Views\personas\crear.php(1): CodeIgniter\Debug\Exceptions->errorHandler(2, 'Undefined variable $cabecera', 'C:\\xampp\\htdocs\\Ci4\\app\\Views\\personas\\crear.php', 1)
 2 SYSTEMPATH\View\View.php(224): include('C:\\xampp\\htdocs\\Ci4\\app\\Views\\personas\\crear.php')
 3 SYSTEMPATH\View\View.php(227): CodeIgniter\View\View->CodeIgniter\View\{closure}()
 4 SYSTEMPATH\Common.php(1180): CodeIgniter\View\View->render('personas/crear', [], true)
 5 APPPATH\Controllers\Home.php(10): view('personas/crear')
 6 SYSTEMPATH\CodeIgniter.php(932): App\Controllers\Home->index()
 7 SYSTEMPATH\CodeIgniter.php(497): CodeIgniter\CodeIgniter->runController(Object(App\Controllers\Home))
 8 SYSTEMPATH\CodeIgniter.php(366): CodeIgniter\CodeIgniter->handleRequest(null, Object(Config\Cache), false)
 9 FCPATH\index.php(67): CodeIgniter\CodeIgniter->run()
CRITICAL - 2023-07-17 01:22:36 --> Undefined variable $cabecera
in APPPATH\Views\personas\crear.php on line 1.
 1 APPPATH\Views\personas\crear.php(1): CodeIgniter\Debug\Exceptions->errorHandler(2, 'Undefined variable $cabecera', 'C:\\xampp\\htdocs\\Ci4\\app\\Views\\personas\\crear.php', 1)
 2 SYSTEMPATH\View\View.php(224): include('C:\\xampp\\htdocs\\Ci4\\app\\Views\\personas\\crear.php')
 3 SYSTEMPATH\View\View.php(227): CodeIgniter\View\View->CodeIgniter\View\{closure}()
 4 SYSTEMPATH\Common.php(1180): CodeIgniter\View\View->render('personas/crear', [], true)
 5 APPPATH\Controllers\Home.php(10): view('personas/crear')
 6 SYSTEMPATH\CodeIgniter.php(932): App\Controllers\Home->index()
 7 SYSTEMPATH\CodeIgniter.php(497): CodeIgniter\CodeIgniter->runController(Object(App\Controllers\Home))
 8 SYSTEMPATH\CodeIgniter.php(366): CodeIgniter\CodeIgniter->handleRequest(null, Object(Config\Cache), false)
 9 FCPATH\index.php(67): CodeIgniter\CodeIgniter->run()
CRITICAL - 2023-07-17 01:24:31 --> Undefined variable $cabecera
in APPPATH\Views\personas\crear.php on line 1.
 1 APPPATH\Views\personas\crear.php(1): CodeIgniter\Debug\Exceptions->errorHandler(2, 'Undefined variable $cabecera', 'C:\\xampp\\htdocs\\Ci4\\app\\Views\\personas\\crear.php', 1)
 2 SYSTEMPATH\View\View.php(224): include('C:\\xampp\\htdocs\\Ci4\\app\\Views\\personas\\crear.php')
 3 SYSTEMPATH\View\View.php(227): CodeIgniter\View\View->CodeIgniter\View\{closure}()
 4 SYSTEMPATH\Common.php(1180): CodeIgniter\View\View->render('personas/crear', [], true)
 5 APPPATH\Controllers\Home.php(10): view('personas/crear')
 6 SYSTEMPATH\CodeIgniter.php(932): App\Controllers\Home->index()
 7 SYSTEMPATH\CodeIgniter.php(497): CodeIgniter\CodeIgniter->runController(Object(App\Controllers\Home))
 8 SYSTEMPATH\CodeIgniter.php(366): CodeIgniter\CodeIgniter->handleRequest(null, Object(Config\Cache), false)
 9 FCPATH\index.php(67): CodeIgniter\CodeIgniter->run()
CRITICAL - 2023-07-17 01:24:53 --> Undefined variable $cabecera
in APPPATH\Views\personas\crear.php on line 1.
 1 APPPATH\Views\personas\crear.php(1): CodeIgniter\Debug\Exceptions->errorHandler(2, 'Undefined variable $cabecera', 'C:\\xampp\\htdocs\\Ci4\\app\\Views\\personas\\crear.php', 1)
 2 SYSTEMPATH\View\View.php(224): include('C:\\xampp\\htdocs\\Ci4\\app\\Views\\personas\\crear.php')
 3 SYSTEMPATH\View\View.php(227): CodeIgniter\View\View->CodeIgniter\View\{closure}()
 4 SYSTEMPATH\Common.php(1180): CodeIgniter\View\View->render('personas/crear', [], true)
 5 APPPATH\Controllers\Home.php(10): view('personas/crear')
 6 SYSTEMPATH\CodeIgniter.php(932): App\Controllers\Home->index()
 7 SYSTEMPATH\CodeIgniter.php(497): CodeIgniter\CodeIgniter->runController(Object(App\Controllers\Home))
 8 SYSTEMPATH\CodeIgniter.php(366): CodeIgniter\CodeIgniter->handleRequest(null, Object(Config\Cache), false)
 9 FCPATH\index.php(67): CodeIgniter\CodeIgniter->run()
CRITICAL - 2023-07-17 01:37:42 --> syntax error, unexpected token "/"
in APPPATH\Views\personas\Listar.php on line 3.
 1 SYSTEMPATH\View\View.php(227): CodeIgniter\View\View->CodeIgniter\View\{closure}()
 2 SYSTEMPATH\Common.php(1180): CodeIgniter\View\View->render('personas/Listar', [], true)
 3 APPPATH\Controllers\Personas.php(20): view('personas/Listar', [...])
 4 SYSTEMPATH\CodeIgniter.php(932): App\Controllers\Personas->index()
 5 SYSTEMPATH\CodeIgniter.php(497): CodeIgniter\CodeIgniter->runController(Object(App\Controllers\Personas))
 6 SYSTEMPATH\CodeIgniter.php(366): CodeIgniter\CodeIgniter->handleRequest(null, Object(Config\Cache), false)
 7 FCPATH\index.php(67): CodeIgniter\CodeIgniter->run()
CRITICAL - 2023-07-17 01:37:45 --> syntax error, unexpected token "/"
in APPPATH\Views\personas\Listar.php on line 3.
 1 SYSTEMPATH\View\View.php(227): CodeIgniter\View\View->CodeIgniter\View\{closure}()
 2 SYSTEMPATH\Common.php(1180): CodeIgniter\View\View->render('personas/Listar', [], true)
 3 APPPATH\Controllers\Personas.php(20): view('personas/Listar', [...])
 4 SYSTEMPATH\CodeIgniter.php(932): App\Controllers\Personas->index()
 5 SYSTEMPATH\CodeIgniter.php(497): CodeIgniter\CodeIgniter->runController(Object(App\Controllers\Personas))
 6 SYSTEMPATH\CodeIgniter.php(366): CodeIgniter\CodeIgniter->handleRequest(null, Object(Config\Cache), false)
 7 FCPATH\index.php(67): CodeIgniter\CodeIgniter->run()
CRITICAL - 2023-07-17 01:49:51 --> Undefined variable $cabecera
in APPPATH\Views\personas\crear.php on line 1.
 1 APPPATH\Views\personas\crear.php(1): CodeIgniter\Debug\Exceptions->errorHandler(2, 'Undefined variable $cabecera', 'C:\\xampp\\htdocs\\Ci4\\app\\Views\\personas\\crear.php', 1)
 2 SYSTEMPATH\View\View.php(224): include('C:\\xampp\\htdocs\\Ci4\\app\\Views\\personas\\crear.php')
 3 SYSTEMPATH\View\View.php(227): CodeIgniter\View\View->CodeIgniter\View\{closure}()
 4 SYSTEMPATH\Common.php(1180): CodeIgniter\View\View->render('personas/crear', [], true)
 5 APPPATH\Controllers\Home.php(10): view('personas/crear')
 6 SYSTEMPATH\CodeIgniter.php(932): App\Controllers\Home->index()
 7 SYSTEMPATH\CodeIgniter.php(497): CodeIgniter\CodeIgniter->runController(Object(App\Controllers\Home))
 8 SYSTEMPATH\CodeIgniter.php(366): CodeIgniter\CodeIgniter->handleRequest(null, Object(Config\Cache), false)
 9 FCPATH\index.php(67): CodeIgniter\CodeIgniter->run()
CRITICAL - 2023-07-17 01:50:37 --> Undefined variable $piepagina
in APPPATH\Views\personas\crear.php on line 36.
 1 APPPATH\Views\personas\crear.php(36): CodeIgniter\Debug\Exceptions->errorHandler(2, 'Undefined variable $piepagina', 'C:\\xampp\\htdocs\\Ci4\\app\\Views\\personas\\crear.php', 36)
 2 SYSTEMPATH\View\View.php(224): include('C:\\xampp\\htdocs\\Ci4\\app\\Views\\personas\\crear.php')
 3 SYSTEMPATH\View\View.php(227): CodeIgniter\View\View->CodeIgniter\View\{closure}()
 4 SYSTEMPATH\Common.php(1180): CodeIgniter\View\View->render('personas/crear', [], true)
 5 APPPATH\Controllers\Home.php(10): view('personas/crear')
 6 SYSTEMPATH\CodeIgniter.php(932): App\Controllers\Home->index()
 7 SYSTEMPATH\CodeIgniter.php(497): CodeIgniter\CodeIgniter->runController(Object(App\Controllers\Home))
 8 SYSTEMPATH\CodeIgniter.php(366): CodeIgniter\CodeIgniter->handleRequest(null, Object(Config\Cache), false)
 9 FCPATH\index.php(67): CodeIgniter\CodeIgniter->run()
CRITICAL - 2023-07-17 01:51:47 --> Undefined variable $cabecera
in APPPATH\Views\personas\crear.php on line 1.
 1 APPPATH\Views\personas\crear.php(1): CodeIgniter\Debug\Exceptions->errorHandler(2, 'Undefined variable $cabecera', 'C:\\xampp\\htdocs\\Ci4\\app\\Views\\personas\\crear.php', 1)
 2 SYSTEMPATH\View\View.php(224): include('C:\\xampp\\htdocs\\Ci4\\app\\Views\\personas\\crear.php')
 3 SYSTEMPATH\View\View.php(227): CodeIgniter\View\View->CodeIgniter\View\{closure}()
 4 SYSTEMPATH\Common.php(1180): CodeIgniter\View\View->render('personas/crear', [], true)
 5 APPPATH\Controllers\Home.php(10): view('personas/crear')
 6 SYSTEMPATH\CodeIgniter.php(932): App\Controllers\Home->index()
 7 SYSTEMPATH\CodeIgniter.php(497): CodeIgniter\CodeIgniter->runController(Object(App\Controllers\Home))
 8 SYSTEMPATH\CodeIgniter.php(366): CodeIgniter\CodeIgniter->handleRequest(null, Object(Config\Cache), false)
 9 FCPATH\index.php(67): CodeIgniter\CodeIgniter->run()
CRITICAL - 2023-07-17 01:53:48 --> Undefined variable $cabecera
in APPPATH\Views\personas\crear.php on line 1.
 1 APPPATH\Views\personas\crear.php(1): CodeIgniter\Debug\Exceptions->errorHandler(2, 'Undefined variable $cabecera', 'C:\\xampp\\htdocs\\Ci4\\app\\Views\\personas\\crear.php', 1)
 2 SYSTEMPATH\View\View.php(224): include('C:\\xampp\\htdocs\\Ci4\\app\\Views\\personas\\crear.php')
 3 SYSTEMPATH\View\View.php(227): CodeIgniter\View\View->CodeIgniter\View\{closure}()
 4 SYSTEMPATH\Common.php(1180): CodeIgniter\View\View->render('personas/crear', [], true)
 5 APPPATH\Controllers\Home.php(10): view('personas/crear')
 6 SYSTEMPATH\CodeIgniter.php(932): App\Controllers\Home->index()
 7 SYSTEMPATH\CodeIgniter.php(497): CodeIgniter\CodeIgniter->runController(Object(App\Controllers\Home))
 8 SYSTEMPATH\CodeIgniter.php(366): CodeIgniter\CodeIgniter->handleRequest(null, Object(Config\Cache), false)
 9 FCPATH\index.php(67): CodeIgniter\CodeIgniter->run()
CRITICAL - 2023-07-17 01:58:15 --> Undefined variable $cabecera
in APPPATH\Views\personas\crear.php on line 1.
 1 APPPATH\Views\personas\crear.php(1): CodeIgniter\Debug\Exceptions->errorHandler(2, 'Undefined variable $cabecera', 'C:\\xampp\\htdocs\\Ci4\\app\\Views\\personas\\crear.php', 1)
 2 SYSTEMPATH\View\View.php(224): include('C:\\xampp\\htdocs\\Ci4\\app\\Views\\personas\\crear.php')
 3 SYSTEMPATH\View\View.php(227): CodeIgniter\View\View->CodeIgniter\View\{closure}()
 4 SYSTEMPATH\Common.php(1180): CodeIgniter\View\View->render('personas/crear', [], true)
 5 APPPATH\Controllers\Home.php(10): view('personas/crear')
 6 SYSTEMPATH\CodeIgniter.php(932): App\Controllers\Home->index()
 7 SYSTEMPATH\CodeIgniter.php(497): CodeIgniter\CodeIgniter->runController(Object(App\Controllers\Home))
 8 SYSTEMPATH\CodeIgniter.php(366): CodeIgniter\CodeIgniter->handleRequest(null, Object(Config\Cache), false)
 9 FCPATH\index.php(67): CodeIgniter\CodeIgniter->run()
CRITICAL - 2023-07-17 02:00:14 --> Undefined array key "nombre"
in APPPATH\Controllers\Personas.php on line 37.
 1 APPPATH\Controllers\Personas.php(37): CodeIgniter\Debug\Exceptions->errorHandler(2, 'Undefined array key "nombre"', 'C:\\xampp\\htdocs\\Ci4\\app\\Controllers\\Personas.php', 37)
 2 SYSTEMPATH\CodeIgniter.php(932): App\Controllers\Personas->guardar()
 3 SYSTEMPATH\CodeIgniter.php(497): CodeIgniter\CodeIgniter->runController(Object(App\Controllers\Personas))
 4 SYSTEMPATH\CodeIgniter.php(366): CodeIgniter\CodeIgniter->handleRequest(null, Object(Config\Cache), false)
 5 FCPATH\index.php(67): CodeIgniter\CodeIgniter->run()
CRITICAL - 2023-07-17 02:00:22 --> Undefined array key "nombre"
in APPPATH\Controllers\Personas.php on line 37.
 1 APPPATH\Controllers\Personas.php(37): CodeIgniter\Debug\Exceptions->errorHandler(2, 'Undefined array key "nombre"', 'C:\\xampp\\htdocs\\Ci4\\app\\Controllers\\Personas.php', 37)
 2 SYSTEMPATH\CodeIgniter.php(932): App\Controllers\Personas->guardar()
 3 SYSTEMPATH\CodeIgniter.php(497): CodeIgniter\CodeIgniter->runController(Object(App\Controllers\Personas))
 4 SYSTEMPATH\CodeIgniter.php(366): CodeIgniter\CodeIgniter->handleRequest(null, Object(Config\Cache), false)
 5 FCPATH\index.php(67): CodeIgniter\CodeIgniter->run()
WARNING - 2023-07-17 02:02:22 --> [DEPRECATED] Constant FILTER_SANITIZE_STRING is deprecated in APPPATH\Controllers\Personas.php on line 36.
 1 SYSTEMPATH\CodeIgniter.php(932): App\Controllers\Personas->guardar()
 2 SYSTEMPATH\CodeIgniter.php(497): CodeIgniter\CodeIgniter->runController(Object(App\Controllers\Personas))
 3 SYSTEMPATH\CodeIgniter.php(366): CodeIgniter\CodeIgniter->handleRequest(null, Object(Config\Cache), false)
 4 FCPATH\index.php(67): CodeIgniter\CodeIgniter->run()
CRITICAL - 2023-07-17 02:02:22 --> Call to undefined method App\Models\Persona::setNombre
in SYSTEMPATH\Model.php on line 838.
 1 APPPATH\Controllers\Personas.php(37): CodeIgniter\Model->__call('setNombre', [...])
 2 SYSTEMPATH\CodeIgniter.php(932): App\Controllers\Personas->guardar()
 3 SYSTEMPATH\CodeIgniter.php(497): CodeIgniter\CodeIgniter->runController(Object(App\Controllers\Personas))
 4 SYSTEMPATH\CodeIgniter.php(366): CodeIgniter\CodeIgniter->handleRequest(null, Object(Config\Cache), false)
 5 FCPATH\index.php(67): CodeIgniter\CodeIgniter->run()
CRITICAL - 2023-07-17 02:02:57 --> Undefined array key "nombre"
in APPPATH\Controllers\Personas.php on line 37.
 1 APPPATH\Controllers\Personas.php(37): CodeIgniter\Debug\Exceptions->errorHandler(2, 'Undefined array key "nombre"', 'C:\\xampp\\htdocs\\Ci4\\app\\Controllers\\Personas.php', 37)
 2 SYSTEMPATH\CodeIgniter.php(932): App\Controllers\Personas->guardar()
 3 SYSTEMPATH\CodeIgniter.php(497): CodeIgniter\CodeIgniter->runController(Object(App\Controllers\Personas))
 4 SYSTEMPATH\CodeIgniter.php(366): CodeIgniter\CodeIgniter->handleRequest(null, Object(Config\Cache), false)
 5 FCPATH\index.php(67): CodeIgniter\CodeIgniter->run()
CRITICAL - 2023-07-17 02:03:54 --> Undefined array key "nombre"
in APPPATH\Controllers\Personas.php on line 37.
 1 APPPATH\Controllers\Personas.php(37): CodeIgniter\Debug\Exceptions->errorHandler(2, 'Undefined array key "nombre"', 'C:\\xampp\\htdocs\\Ci4\\app\\Controllers\\Personas.php', 37)
 2 SYSTEMPATH\CodeIgniter.php(932): App\Controllers\Personas->guardar()
 3 SYSTEMPATH\CodeIgniter.php(497): CodeIgniter\CodeIgniter->runController(Object(App\Controllers\Personas))
 4 SYSTEMPATH\CodeIgniter.php(366): CodeIgniter\CodeIgniter->handleRequest(null, Object(Config\Cache), false)
 5 FCPATH\index.php(67): CodeIgniter\CodeIgniter->run()
CRITICAL - 2023-07-17 02:04:47 --> Undefined property: App\Controllers\Personas::$resquest
in APPPATH\Controllers\Personas.php on line 32.
 1 APPPATH\Controllers\Personas.php(32): CodeIgniter\Debug\Exceptions->errorHandler(2, 'Undefined property: App\\Controllers\\Personas::$resquest', 'C:\\xampp\\htdocs\\Ci4\\app\\Controllers\\Personas.php', 32)
 2 SYSTEMPATH\CodeIgniter.php(932): App\Controllers\Personas->guardar()
 3 SYSTEMPATH\CodeIgniter.php(497): CodeIgniter\CodeIgniter->runController(Object(App\Controllers\Personas))
 4 SYSTEMPATH\CodeIgniter.php(366): CodeIgniter\CodeIgniter->handleRequest(null, Object(Config\Cache), false)
 5 FCPATH\index.php(67): CodeIgniter\CodeIgniter->run()
CRITICAL - 2023-07-17 02:08:49 --> Undefined array key "correo"
in APPPATH\Controllers\Personas.php on line 37.
 1 APPPATH\Controllers\Personas.php(37): CodeIgniter\Debug\Exceptions->errorHandler(2, 'Undefined array key "correo"', 'C:\\xampp\\htdocs\\Ci4\\app\\Controllers\\Personas.php', 37)
 2 SYSTEMPATH\CodeIgniter.php(932): App\Controllers\Personas->guardar()
 3 SYSTEMPATH\CodeIgniter.php(497): CodeIgniter\CodeIgniter->runController(Object(App\Controllers\Personas))
 4 SYSTEMPATH\CodeIgniter.php(366): CodeIgniter\CodeIgniter->handleRequest(null, Object(Config\Cache), false)
 5 FCPATH\index.php(67): CodeIgniter\CodeIgniter->run()
CRITICAL - 2023-07-17 02:09:18 --> print_r() expects at most 2 arguments, 4 given
in APPPATH\Controllers\Personas.php on line 38.
 1 APPPATH\Controllers\Personas.php(38): print_r('Roldofo Lara', '005', '1311788064', 'jzambrano8069@utm.edu.ec')
 2 SYSTEMPATH\CodeIgniter.php(932): App\Controllers\Personas->guardar()
 3 SYSTEMPATH\CodeIgniter.php(497): CodeIgniter\CodeIgniter->runController(Object(App\Controllers\Personas))
 4 SYSTEMPATH\CodeIgniter.php(366): CodeIgniter\CodeIgniter->handleRequest(null, Object(Config\Cache), false)
 5 FCPATH\index.php(67): CodeIgniter\CodeIgniter->run()
CRITICAL - 2023-07-17 02:15:25 --> Invalid file: "personas/guardar.php"
in SYSTEMPATH\Exceptions\FrameworkException.php on line 33.
 1 SYSTEMPATH\View\View.php(212): CodeIgniter\Exceptions\FrameworkException::forInvalidFile('personas/guardar.php')
 2 SYSTEMPATH\Common.php(1180): CodeIgniter\View\View->render('personas/guardar', [], true)
 3 APPPATH\Controllers\Personas.php(46): view('personas/guardar', [...])
 4 SYSTEMPATH\CodeIgniter.php(932): App\Controllers\Personas->guardar()
 5 SYSTEMPATH\CodeIgniter.php(497): CodeIgniter\CodeIgniter->runController(Object(App\Controllers\Personas))
 6 SYSTEMPATH\CodeIgniter.php(366): CodeIgniter\CodeIgniter->handleRequest(null, Object(Config\Cache), false)
 7 FCPATH\index.php(67): CodeIgniter\CodeIgniter->run()
CRITICAL - 2023-07-17 02:19:20 --> Invalid file: "personas/confirmacion.php"
in SYSTEMPATH\Exceptions\FrameworkException.php on line 33.
 1 SYSTEMPATH\View\View.php(212): CodeIgniter\Exceptions\FrameworkException::forInvalidFile('personas/confirmacion.php')
 2 SYSTEMPATH\Common.php(1180): CodeIgniter\View\View->render('personas/confirmacion', [], true)
 3 APPPATH\Controllers\Personas.php(42): view('personas/confirmacion', [...])
 4 SYSTEMPATH\CodeIgniter.php(932): App\Controllers\Personas->guardar()
 5 SYSTEMPATH\CodeIgniter.php(497): CodeIgniter\CodeIgniter->runController(Object(App\Controllers\Personas))
 6 SYSTEMPATH\CodeIgniter.php(366): CodeIgniter\CodeIgniter->handleRequest(null, Object(Config\Cache), false)
 7 FCPATH\index.php(67): CodeIgniter\CodeIgniter->run()
CRITICAL - 2023-07-17 02:19:55 --> Invalid file: "personas/confirmacion.php"
in SYSTEMPATH\Exceptions\FrameworkException.php on line 33.
 1 SYSTEMPATH\View\View.php(212): CodeIgniter\Exceptions\FrameworkException::forInvalidFile('personas/confirmacion.php')
 2 SYSTEMPATH\Common.php(1180): CodeIgniter\View\View->render('personas/confirmacion', [], true)
 3 APPPATH\Controllers\Personas.php(42): view('personas/confirmacion', [...])
 4 SYSTEMPATH\CodeIgniter.php(932): App\Controllers\Personas->guardar()
 5 SYSTEMPATH\CodeIgniter.php(497): CodeIgniter\CodeIgniter->runController(Object(App\Controllers\Personas))
 6 SYSTEMPATH\CodeIgniter.php(366): CodeIgniter\CodeIgniter->handleRequest(null, Object(Config\Cache), false)
 7 FCPATH\index.php(67): CodeIgniter\CodeIgniter->run()
WARNING - 2023-07-17 02:20:24 --> [DEPRECATED] Constant FILTER_SANITIZE_STRING is deprecated in APPPATH\Controllers\Personas.php on line 35.
 1 SYSTEMPATH\CodeIgniter.php(932): App\Controllers\Personas->guardar()
 2 SYSTEMPATH\CodeIgniter.php(497): CodeIgniter\CodeIgniter->runController(Object(App\Controllers\Personas))
 3 SYSTEMPATH\CodeIgniter.php(366): CodeIgniter\CodeIgniter->handleRequest(null, Object(Config\Cache), false)
 4 FCPATH\index.php(67): CodeIgniter\CodeIgniter->run()
CRITICAL - 2023-07-17 02:20:24 --> Call to undefined method App\Models\Persona::setNombre
in SYSTEMPATH\Model.php on line 838.
 1 APPPATH\Controllers\Personas.php(36): CodeIgniter\Model->__call('setNombre', [...])
 2 SYSTEMPATH\CodeIgniter.php(932): App\Controllers\Personas->guardar()
 3 SYSTEMPATH\CodeIgniter.php(497): CodeIgniter\CodeIgniter->runController(Object(App\Controllers\Personas))
 4 SYSTEMPATH\CodeIgniter.php(366): CodeIgniter\CodeIgniter->handleRequest(null, Object(Config\Cache), false)
 5 FCPATH\index.php(67): CodeIgniter\CodeIgniter->run()
WARNING - 2023-07-17 02:20:33 --> [DEPRECATED] Constant FILTER_SANITIZE_STRING is deprecated in APPPATH\Controllers\Personas.php on line 35.
 1 SYSTEMPATH\CodeIgniter.php(932): App\Controllers\Personas->guardar()
 2 SYSTEMPATH\CodeIgniter.php(497): CodeIgniter\CodeIgniter->runController(Object(App\Controllers\Personas))
 3 SYSTEMPATH\CodeIgniter.php(366): CodeIgniter\CodeIgniter->handleRequest(null, Object(Config\Cache), false)
 4 FCPATH\index.php(67): CodeIgniter\CodeIgniter->run()
CRITICAL - 2023-07-17 02:20:33 --> Call to undefined method App\Models\Persona::setNombre
in SYSTEMPATH\Model.php on line 838.
 1 APPPATH\Controllers\Personas.php(36): CodeIgniter\Model->__call('setNombre', [...])
 2 SYSTEMPATH\CodeIgniter.php(932): App\Controllers\Personas->guardar()
 3 SYSTEMPATH\CodeIgniter.php(497): CodeIgniter\CodeIgniter->runController(Object(App\Controllers\Personas))
 4 SYSTEMPATH\CodeIgniter.php(366): CodeIgniter\CodeIgniter->handleRequest(null, Object(Config\Cache), false)
 5 FCPATH\index.php(67): CodeIgniter\CodeIgniter->run()
CRITICAL - 2023-07-17 02:22:03 --> Undefined variable $cabecera
in APPPATH\Views\personas\crear.php on line 1.
 1 APPPATH\Views\personas\crear.php(1): CodeIgniter\Debug\Exceptions->errorHandler(2, 'Undefined variable $cabecera', 'C:\\xampp\\htdocs\\Ci4\\app\\Views\\personas\\crear.php', 1)
 2 SYSTEMPATH\View\View.php(224): include('C:\\xampp\\htdocs\\Ci4\\app\\Views\\personas\\crear.php')
 3 SYSTEMPATH\View\View.php(227): CodeIgniter\View\View->CodeIgniter\View\{closure}()
 4 SYSTEMPATH\Common.php(1180): CodeIgniter\View\View->render('personas/crear', [], true)
 5 APPPATH\Controllers\Home.php(10): view('personas/crear')
 6 SYSTEMPATH\CodeIgniter.php(932): App\Controllers\Home->index()
 7 SYSTEMPATH\CodeIgniter.php(497): CodeIgniter\CodeIgniter->runController(Object(App\Controllers\Home))
 8 SYSTEMPATH\CodeIgniter.php(366): CodeIgniter\CodeIgniter->handleRequest(null, Object(Config\Cache), false)
 9 FCPATH\index.php(67): CodeIgniter\CodeIgniter->run()
CRITICAL - 2023-07-17 02:23:00 --> view(): Argument #2 ($data) must be of type array, App\Models\Persona given, called in C:\xampp\htdocs\Ci4\app\Controllers\Personas.php on line 42
in SYSTEMPATH\Common.php on line 1168.
 1 APPPATH\Controllers\Personas.php(42): view('personas/crear', Object(App\Models\Persona))
 2 SYSTEMPATH\CodeIgniter.php(932): App\Controllers\Personas->guardar()
 3 SYSTEMPATH\CodeIgniter.php(497): CodeIgniter\CodeIgniter->runController(Object(App\Controllers\Personas))
 4 SYSTEMPATH\CodeIgniter.php(366): CodeIgniter\CodeIgniter->handleRequest(null, Object(Config\Cache), false)
 5 FCPATH\index.php(67): CodeIgniter\CodeIgniter->run()
CRITICAL - 2023-07-17 02:23:25 --> Undefined variable $cabecera
in APPPATH\Views\personas\crear.php on line 1.
 1 APPPATH\Views\personas\crear.php(1): CodeIgniter\Debug\Exceptions->errorHandler(2, 'Undefined variable $cabecera', 'C:\\xampp\\htdocs\\Ci4\\app\\Views\\personas\\crear.php', 1)
 2 SYSTEMPATH\View\View.php(224): include('C:\\xampp\\htdocs\\Ci4\\app\\Views\\personas\\crear.php')
 3 SYSTEMPATH\View\View.php(227): CodeIgniter\View\View->CodeIgniter\View\{closure}()
 4 SYSTEMPATH\Common.php(1180): CodeIgniter\View\View->render('personas/crear', [], true)
 5 APPPATH\Controllers\Personas.php(42): view('personas/crear')
 6 SYSTEMPATH\CodeIgniter.php(932): App\Controllers\Personas->guardar()
 7 SYSTEMPATH\CodeIgniter.php(497): CodeIgniter\CodeIgniter->runController(Object(App\Controllers\Personas))
 8 SYSTEMPATH\CodeIgniter.php(366): CodeIgniter\CodeIgniter->handleRequest(null, Object(Config\Cache), false)
 9 FCPATH\index.php(67): CodeIgniter\CodeIgniter->run()
CRITICAL - 2023-07-17 02:24:11 --> Undefined variable $cabecera
in APPPATH\Views\personas\crear.php on line 1.
 1 APPPATH\Views\personas\crear.php(1): CodeIgniter\Debug\Exceptions->errorHandler(2, 'Undefined variable $cabecera', 'C:\\xampp\\htdocs\\Ci4\\app\\Views\\personas\\crear.php', 1)
 2 SYSTEMPATH\View\View.php(224): include('C:\\xampp\\htdocs\\Ci4\\app\\Views\\personas\\crear.php')
 3 SYSTEMPATH\View\View.php(227): CodeIgniter\View\View->CodeIgniter\View\{closure}()
 4 SYSTEMPATH\Common.php(1180): CodeIgniter\View\View->render('personas/crear', [], true)
 5 APPPATH\Controllers\Personas.php(42): view('personas/crear', [...])
 6 SYSTEMPATH\CodeIgniter.php(932): App\Controllers\Personas->guardar()
 7 SYSTEMPATH\CodeIgniter.php(497): CodeIgniter\CodeIgniter->runController(Object(App\Controllers\Personas))
 8 SYSTEMPATH\CodeIgniter.php(366): CodeIgniter\CodeIgniter->handleRequest(null, Object(Config\Cache), false)
 9 FCPATH\index.php(67): CodeIgniter\CodeIgniter->run()
CRITICAL - 2023-07-17 02:24:27 --> Undefined variable $datos
in APPPATH\Controllers\Personas.php on line 41.
 1 APPPATH\Controllers\Personas.php(41): CodeIgniter\Debug\Exceptions->errorHandler(2, 'Undefined variable $datos', 'C:\\xampp\\htdocs\\Ci4\\app\\Controllers\\Personas.php', 41)
 2 SYSTEMPATH\CodeIgniter.php(932): App\Controllers\Personas->guardar()
 3 SYSTEMPATH\CodeIgniter.php(497): CodeIgniter\CodeIgniter->runController(Object(App\Controllers\Personas))
 4 SYSTEMPATH\CodeIgniter.php(366): CodeIgniter\CodeIgniter->handleRequest(null, Object(Config\Cache), false)
 5 FCPATH\index.php(67): CodeIgniter\CodeIgniter->run()
CRITICAL - 2023-07-17 02:24:32 --> Undefined variable $datos
in APPPATH\Controllers\Personas.php on line 41.
 1 APPPATH\Controllers\Personas.php(41): CodeIgniter\Debug\Exceptions->errorHandler(2, 'Undefined variable $datos', 'C:\\xampp\\htdocs\\Ci4\\app\\Controllers\\Personas.php', 41)
 2 SYSTEMPATH\CodeIgniter.php(932): App\Controllers\Personas->guardar()
 3 SYSTEMPATH\CodeIgniter.php(497): CodeIgniter\CodeIgniter->runController(Object(App\Controllers\Personas))
 4 SYSTEMPATH\CodeIgniter.php(366): CodeIgniter\CodeIgniter->handleRequest(null, Object(Config\Cache), false)
 5 FCPATH\index.php(67): CodeIgniter\CodeIgniter->run()
WARNING - 2023-07-17 02:25:38 --> [DEPRECATED] Creation of dynamic property App\Controllers\Home::$db is deprecated in APPPATH\Controllers\Home.php on line 38.
 1 SYSTEMPATH\CodeIgniter.php(932): App\Controllers\Home->Prueba2()
 2 SYSTEMPATH\CodeIgniter.php(497): CodeIgniter\CodeIgniter->runController(Object(App\Controllers\Home))
 3 SYSTEMPATH\CodeIgniter.php(366): CodeIgniter\CodeIgniter->handleRequest(null, Object(Config\Cache), false)
 4 FCPATH\index.php(67): CodeIgniter\CodeIgniter->run()
CRITICAL - 2023-07-17 02:31:07 --> syntax error, unexpected token ";", expecting "]"
in APPPATH\Controllers\Personas.php on line 42.
 1 SYSTEMPATH\Autoloader\Autoloader.php(289): CodeIgniter\Autoloader\Autoloader->includeFile('C:\\xampp\\htdocs\\Ci4\\app\\Controllers\\Personas.php')
 2 SYSTEMPATH\Autoloader\Autoloader.php(267): CodeIgniter\Autoloader\Autoloader->loadInNamespace('App\\Controllers\\Personas')
 3 [internal function]: CodeIgniter\Autoloader\Autoloader->loadClass('App\\Controllers\\Personas')
 4 SYSTEMPATH\CodeIgniter.php(890): class_exists('\\App\\Controllers\\Personas', true)
 5 SYSTEMPATH\CodeIgniter.php(484): CodeIgniter\CodeIgniter->startController()
 6 SYSTEMPATH\CodeIgniter.php(366): CodeIgniter\CodeIgniter->handleRequest(null, Object(Config\Cache), false)
 7 FCPATH\index.php(67): CodeIgniter\CodeIgniter->run()
CRITICAL - 2023-07-17 02:32:07 --> syntax error, unexpected token ";", expecting "]"
in APPPATH\Controllers\Personas.php on line 42.
 1 SYSTEMPATH\Autoloader\Autoloader.php(289): CodeIgniter\Autoloader\Autoloader->includeFile('C:\\xampp\\htdocs\\Ci4\\app\\Controllers\\Personas.php')
 2 SYSTEMPATH\Autoloader\Autoloader.php(267): CodeIgniter\Autoloader\Autoloader->loadInNamespace('App\\Controllers\\Personas')
 3 [internal function]: CodeIgniter\Autoloader\Autoloader->loadClass('App\\Controllers\\Personas')
 4 SYSTEMPATH\CodeIgniter.php(890): class_exists('\\App\\Controllers\\Personas', true)
 5 SYSTEMPATH\CodeIgniter.php(484): CodeIgniter\CodeIgniter->startController()
 6 SYSTEMPATH\CodeIgniter.php(366): CodeIgniter\CodeIgniter->handleRequest(null, Object(Config\Cache), false)
 7 FCPATH\index.php(67): CodeIgniter\CodeIgniter->run()
CRITICAL - 2023-07-17 02:32:11 --> syntax error, unexpected token ";", expecting "]"
in APPPATH\Controllers\Personas.php on line 42.
 1 SYSTEMPATH\Autoloader\Autoloader.php(289): CodeIgniter\Autoloader\Autoloader->includeFile('C:\\xampp\\htdocs\\Ci4\\app\\Controllers\\Personas.php')
 2 SYSTEMPATH\Autoloader\Autoloader.php(267): CodeIgniter\Autoloader\Autoloader->loadInNamespace('App\\Controllers\\Personas')
 3 [internal function]: CodeIgniter\Autoloader\Autoloader->loadClass('App\\Controllers\\Personas')
 4 SYSTEMPATH\CodeIgniter.php(890): class_exists('\\App\\Controllers\\Personas', true)
 5 SYSTEMPATH\CodeIgniter.php(484): CodeIgniter\CodeIgniter->startController()
 6 SYSTEMPATH\CodeIgniter.php(366): CodeIgniter\CodeIgniter->handleRequest(null, Object(Config\Cache), false)
 7 FCPATH\index.php(67): CodeIgniter\CodeIgniter->run()
CRITICAL - 2023-07-17 02:34:47 --> Undefined variable $cabecera
in APPPATH\Views\personas\crear.php on line 1.
 1 APPPATH\Views\personas\crear.php(1): CodeIgniter\Debug\Exceptions->errorHandler(2, 'Undefined variable $cabecera', 'C:\\xampp\\htdocs\\Ci4\\app\\Views\\personas\\crear.php', 1)
 2 SYSTEMPATH\View\View.php(224): include('C:\\xampp\\htdocs\\Ci4\\app\\Views\\personas\\crear.php')
 3 SYSTEMPATH\View\View.php(227): CodeIgniter\View\View->CodeIgniter\View\{closure}()
 4 SYSTEMPATH\Common.php(1180): CodeIgniter\View\View->render('personas/crear', [], true)
 5 APPPATH\Controllers\Personas.php(52): view('personas/crear', [...])
 6 SYSTEMPATH\CodeIgniter.php(932): App\Controllers\Personas->guardar()
 7 SYSTEMPATH\CodeIgniter.php(497): CodeIgniter\CodeIgniter->runController(Object(App\Controllers\Personas))
 8 SYSTEMPATH\CodeIgniter.php(366): CodeIgniter\CodeIgniter->handleRequest(null, Object(Config\Cache), false)
 9 FCPATH\index.php(67): CodeIgniter\CodeIgniter->run()
ERROR - 2023-07-17 02:36:43 --> mysqli_sql_exception: Duplicate entry '5' for key 'PRIMARY' in C:\xampp\htdocs\Ci4\system\Database\MySQLi\Connection.php:295
Stack trace:
#0 C:\xampp\htdocs\Ci4\system\Database\MySQLi\Connection.php(295): mysqli->query('INSERT INTO `pe...', 0)
#1 C:\xampp\htdocs\Ci4\system\Database\BaseConnection.php(692): CodeIgniter\Database\MySQLi\Connection->execute('INSERT INTO `pe...')
#2 C:\xampp\htdocs\Ci4\system\Database\BaseConnection.php(606): CodeIgniter\Database\BaseConnection->simpleQuery('INSERT INTO `pe...')
#3 C:\xampp\htdocs\Ci4\system\Database\BaseBuilder.php(2309): CodeIgniter\Database\BaseConnection->query('INSERT INTO `pe...', Array, false)
#4 C:\xampp\htdocs\Ci4\system\Model.php(330): CodeIgniter\Database\BaseBuilder->insert()
#5 C:\xampp\htdocs\Ci4\system\BaseModel.php(782): CodeIgniter\Model->doInsert(Array)
#6 C:\xampp\htdocs\Ci4\system\Model.php(730): CodeIgniter\BaseModel->insert(Array, true)
#7 C:\xampp\htdocs\Ci4\app\Controllers\Personas.php(48): CodeIgniter\Model->insert(Array)
#8 C:\xampp\htdocs\Ci4\system\CodeIgniter.php(932): App\Controllers\Personas->guardar()
#9 C:\xampp\htdocs\Ci4\system\CodeIgniter.php(497): CodeIgniter\CodeIgniter->runController(Object(App\Controllers\Personas))
#10 C:\xampp\htdocs\Ci4\system\CodeIgniter.php(366): CodeIgniter\CodeIgniter->handleRequest(NULL, Object(Config\Cache), false)
#11 C:\xampp\htdocs\Ci4\index.php(67): CodeIgniter\CodeIgniter->run()
#12 {main}
CRITICAL - 2023-07-17 02:36:43 --> Duplicate entry '5' for key 'PRIMARY'
in SYSTEMPATH\Database\MySQLi\Connection.php on line 295.
 1 SYSTEMPATH\Database\MySQLi\Connection.php(295): mysqli->query('INSERT INTO `persona` (`Id`, `Cedula`, `Correo`, `Nombres`) VALUES (\'005\', \'1311788064\', \'jzambrano8069@utm.edu.ec\', \'Roldofo Lara\')', 0)
 2 SYSTEMPATH\Database\BaseConnection.php(692): CodeIgniter\Database\MySQLi\Connection->execute('INSERT INTO `persona` (`Id`, `Cedula`, `Correo`, `Nombres`) VALUES (\'005\', \'1311788064\', \'jzambrano8069@utm.edu.ec\', \'Roldofo Lara\')')
 3 SYSTEMPATH\Database\BaseConnection.php(606): CodeIgniter\Database\BaseConnection->simpleQuery('INSERT INTO `persona` (`Id`, `Cedula`, `Correo`, `Nombres`) VALUES (\'005\', \'1311788064\', \'jzambrano8069@utm.edu.ec\', \'Roldofo Lara\')')
 4 SYSTEMPATH\Database\BaseBuilder.php(2309): CodeIgniter\Database\BaseConnection->query('INSERT INTO `persona` (`Id`, `Cedula`, `Correo`, `Nombres`) VALUES (:Id:, :Cedula:, :Correo:, :Nombres:)', [...], false)
 5 SYSTEMPATH\Model.php(330): CodeIgniter\Database\BaseBuilder->insert()
 6 SYSTEMPATH\BaseModel.php(782): CodeIgniter\Model->doInsert([...])
 7 SYSTEMPATH\Model.php(730): CodeIgniter\BaseModel->insert([...], true)
 8 APPPATH\Controllers\Personas.php(48): CodeIgniter\Model->insert([...])
 9 SYSTEMPATH\CodeIgniter.php(932): App\Controllers\Personas->guardar()
10 SYSTEMPATH\CodeIgniter.php(497): CodeIgniter\CodeIgniter->runController(Object(App\Controllers\Personas))
11 SYSTEMPATH\CodeIgniter.php(366): CodeIgniter\CodeIgniter->handleRequest(null, Object(Config\Cache), false)
12 FCPATH\index.php(67): CodeIgniter\CodeIgniter->run()
CRITICAL - 2023-07-17 02:40:53 --> Undefined variable $cabecera
in APPPATH\Views\personas\crear.php on line 1.
 1 APPPATH\Views\personas\crear.php(1): CodeIgniter\Debug\Exceptions->errorHandler(2, 'Undefined variable $cabecera', 'C:\\xampp\\htdocs\\Ci4\\app\\Views\\personas\\crear.php', 1)
 2 SYSTEMPATH\View\View.php(224): include('C:\\xampp\\htdocs\\Ci4\\app\\Views\\personas\\crear.php')
 3 SYSTEMPATH\View\View.php(227): CodeIgniter\View\View->CodeIgniter\View\{closure}()
 4 SYSTEMPATH\Common.php(1180): CodeIgniter\View\View->render('personas/crear', [], true)
 5 APPPATH\Controllers\Personas.php(52): view('personas/crear', [...])
 6 SYSTEMPATH\CodeIgniter.php(932): App\Controllers\Personas->guardar()
 7 SYSTEMPATH\CodeIgniter.php(497): CodeIgniter\CodeIgniter->runController(Object(App\Controllers\Personas))
 8 SYSTEMPATH\CodeIgniter.php(366): CodeIgniter\CodeIgniter->handleRequest(null, Object(Config\Cache), false)
 9 FCPATH\index.php(67): CodeIgniter\CodeIgniter->run()
